


ARM Macro Assembler    Page 1 


    1 00000000         ;****************** main.s ***************
    2 00000000         ; Program written by: put your names here
    3 00000000         ; Date Created: 8/25/2013 
    4 00000000         ; Last Modified: 8/25/2013 
    5 00000000         ; Section 1-2pm     TA: Saugata Bhattacharyya
    6 00000000         ; Lab number: 2
    7 00000000         ; Brief description of the program
    8 00000000         ; The overall objective of this system is a digital lock
                       
    9 00000000         ; Hardware connections
   10 00000000         ;  PF4 is switch input  (1 means SW1 is not pressed, 0 m
                       eans SW1 is pressed)
   11 00000000         ;  PF2 is LED output (1 activates blue LED) 
   12 00000000         ; The specific operation of this system 
   13 00000000         ;    1) Make PF2 an output and make PF4 an input (enable
                        PUR for PF4). 
   14 00000000         ;    2) The system starts with the LED ON (make PF2 =1).
                        
   15 00000000         ;    3) Delay for about 1 ms
   16 00000000         ;    4) If the switch is pressed (PF4 is 0), then toggle
                        the LED once, else turn the LED ON. 
   17 00000000         ;    5) Repeat steps 3 and 4 over and over
   18 00000000         
   19 00000000 400253FC 
                       GPIO_PORTF_DATA_R
                               EQU              0x400253FC
   20 00000000 40025400 
                       GPIO_PORTF_DIR_R
                               EQU              0x40025400
   21 00000000 40025420 
                       GPIO_PORTF_AFSEL_R
                               EQU              0x40025420
   22 00000000 40025510 
                       GPIO_PORTF_PUR_R
                               EQU              0x40025510
   23 00000000 4002551C 
                       GPIO_PORTF_DEN_R
                               EQU              0x4002551C
   24 00000000 40025528 
                       GPIO_PORTF_AMSEL_R
                               EQU              0x40025528
   25 00000000 4002552C 
                       GPIO_PORTF_PCTL_R
                               EQU              0x4002552C
   26 00000000 400FE108 
                       SYSCTL_RCGC2_R
                               EQU              0x400FE108
   27 00000000         
   28 00000000                 AREA             |.text|, CODE, READONLY, ALIGN=
2
   29 00000000                 THUMB
   30 00000000                 EXPORT           Start
   31 00000000         Start
   32 00000000         
   33 00000000         loop
   34 00000000         
   35 00000000 E7FE            B                loop
   36 00000002         
   37 00000002         



ARM Macro Assembler    Page 2 


   38 00000002 00 00           ALIGN                        ; make sure the end
                                                             of this section is
                                                             aligned
   39 00000004                 END                          ; end of file
Command Line: --debug --xref --cpu=Cortex-M4 --apcs=interwork --depend=main.d -
omain.o -ID:\Keil\ARM\RV31\Inc -ID:\Keil\ARM\CMSIS\Include -ID:\Keil\ARM\Inc\Lu
minary --predefine="__EVAL SETA 1" --list=main.lst main.s



ARM Macro Assembler    Page 1 Alphabetic symbol ordering
Relocatable symbols

.text 00000000

Symbol: .text
   Definitions
      At line 28 in file main.s
   Uses
      None
Comment: .text unused
Start 00000000

Symbol: Start
   Definitions
      At line 31 in file main.s
   Uses
      At line 30 in file main.s
Comment: Start used once
loop 00000000

Symbol: loop
   Definitions
      At line 33 in file main.s
   Uses
      At line 35 in file main.s
Comment: loop used once
3 symbols



ARM Macro Assembler    Page 1 Alphabetic symbol ordering
Absolute symbols

GPIO_PORTF_AFSEL_R 40025420

Symbol: GPIO_PORTF_AFSEL_R
   Definitions
      At line 21 in file main.s
   Uses
      None
Comment: GPIO_PORTF_AFSEL_R unused
GPIO_PORTF_AMSEL_R 40025528

Symbol: GPIO_PORTF_AMSEL_R
   Definitions
      At line 24 in file main.s
   Uses
      None
Comment: GPIO_PORTF_AMSEL_R unused
GPIO_PORTF_DATA_R 400253FC

Symbol: GPIO_PORTF_DATA_R
   Definitions
      At line 19 in file main.s
   Uses
      None
Comment: GPIO_PORTF_DATA_R unused
GPIO_PORTF_DEN_R 4002551C

Symbol: GPIO_PORTF_DEN_R
   Definitions
      At line 23 in file main.s
   Uses
      None
Comment: GPIO_PORTF_DEN_R unused
GPIO_PORTF_DIR_R 40025400

Symbol: GPIO_PORTF_DIR_R
   Definitions
      At line 20 in file main.s
   Uses
      None
Comment: GPIO_PORTF_DIR_R unused
GPIO_PORTF_PCTL_R 4002552C

Symbol: GPIO_PORTF_PCTL_R
   Definitions
      At line 25 in file main.s
   Uses
      None
Comment: GPIO_PORTF_PCTL_R unused
GPIO_PORTF_PUR_R 40025510

Symbol: GPIO_PORTF_PUR_R
   Definitions
      At line 22 in file main.s
   Uses
      None
Comment: GPIO_PORTF_PUR_R unused
SYSCTL_RCGC2_R 400FE108

Symbol: SYSCTL_RCGC2_R



ARM Macro Assembler    Page 2 Alphabetic symbol ordering
Absolute symbols

   Definitions
      At line 26 in file main.s
   Uses
      None
Comment: SYSCTL_RCGC2_R unused
8 symbols
342 symbols in table
