


ARM Macro Assembler    Page 1 


    1 00000000         ; Squarewaves.s
    2 00000000         ; Runs on LM4F120
    3 00000000         ; Initialize PF1 and PF2 as outputs with different initi
                       al values,
    4 00000000         ; then toggle them to produce two out of phase square wa
                       ves.  The
    5 00000000         ; PLL was used to give the square waves more consistent 
                       timing when
    6 00000000         ; this example was done on the LM3S1968 because its inte
                       rnal
    7 00000000         ; oscillator can drift by +/- 30%.  However, by default 
                       the LM4F120
    8 00000000         ; gets its clock from a 16 MHz precision internal oscill
                       ator, which
    9 00000000         ; is accurate to +/- 1% to 3% across temperature.  The P
                       LL will be
   10 00000000         ; discussed later in Chapter 4.
   11 00000000         ; Daniel Valvano
   12 00000000         ; April 17, 2013
   13 00000000         
   14 00000000         ;  This example accompanies the book
   15 00000000         ;  "Embedded Systems: Introduction to ARM Cortex M Micro
                       controllers",
   16 00000000         ;  ISBN: 978-1469998749, Jonathan Valvano, copyright (c)
                        2013
   17 00000000         ;  Program 4.4
   18 00000000         ;
   19 00000000         ;Copyright 2013 by Jonathan W. Valvano, valvano@mail.ute
                       xas.edu
   20 00000000         ;   You may use, edit, run or distribute this file
   21 00000000         ;   as long as the above copyright notice remains
   22 00000000         ;THIS SOFTWARE IS PROVIDED "AS IS".  NO WARRANTIES, WHET
                       HER EXPRESS, IMPLIED
   23 00000000         ;OR STATUTORY, INCLUDING, BUT NOT LIMITED TO, IMPLIED WA
                       RRANTIES OF
   24 00000000         ;MERCHANTABILITY AND FITNESS FOR A PARTICULAR PURPOSE AP
                       PLY TO THIS SOFTWARE.
   25 00000000         ;VALVANO SHALL NOT, IN ANY CIRCUMSTANCES, BE LIABLE FOR 
                       SPECIAL, INCIDENTAL,
   26 00000000         ;OR CONSEQUENTIAL DAMAGES, FOR ANY REASON WHATSOEVER.
   27 00000000         ;For more information about my classes, my research, and
                        my books, see
   28 00000000         ;http://users.ece.utexas.edu/~valvano/
   29 00000000         
   30 00000000         ; logic analyzer connected to PF1 and PF2
   31 00000000         
   32 00000000                 IMPORT           PLL_Init
   33 00000000         
   34 00000000 400253FC 
                       GPIO_PORTF_DATA_R
                               EQU              0x400253FC
   35 00000000 40025400 
                       GPIO_PORTF_DIR_R
                               EQU              0x40025400
   36 00000000 40025420 
                       GPIO_PORTF_AFSEL_R
                               EQU              0x40025420
   37 00000000 4002551C 
                       GPIO_PORTF_DEN_R



ARM Macro Assembler    Page 2 


                               EQU              0x4002551C
   38 00000000 40025528 
                       GPIO_PORTF_AMSEL_R
                               EQU              0x40025528
   39 00000000 4002552C 
                       GPIO_PORTF_PCTL_R
                               EQU              0x4002552C
   40 00000000 40025018 
                       PF21    EQU              0x40025018  ; port F bits 2 and
                                                             1
   41 00000000 400FE108 
                       SYSCTL_RCGC2_R
                               EQU              0x400FE108
   42 00000000 00000020 
                       SYSCTL_RCGC2_GPIOF
                               EQU              0x00000020  ; port F Clock Gati
                                                            ng Control
   43 00000000         
   44 00000000                 AREA             |.text|, CODE, READONLY, ALIGN=
2
   45 00000000                 THUMB
   46 00000000                 EXPORT           Start
   47 00000000         Start
   48 00000000         ;    BL  PLL_Init                    ; set system clock 
                       to 50 MHz
   49 00000000 4913            LDR              R1, =SYSCTL_RCGC2_R ; 1) activa
                                                            te clock for Port F
                                                            
   50 00000002 6808            LDR              R0, [R1]
   51 00000004 F040 0020       ORR              R0, R0, #0x20 ; set bit 5 to tu
                                                            rn on clock
   52 00000008 6008            STR              R0, [R1]
   53 0000000A BF00            NOP
   54 0000000C BF00            NOP                          ; allow time for cl
                                                            ock to finish
   55 0000000E         ; 2) no need to unlock PF1,PF2
   56 0000000E 4911            LDR              R1, =GPIO_PORTF_AMSEL_R ; 3) di
                                                            sable analog functi
                                                            onality
   57 00000010 6808            LDR              R0, [R1]
   58 00000012 F020 0004       BIC              R0, #0x04   ; 0 means analog is
                                                             off
   59 00000016 6008            STR              R0, [R1]
   60 00000018 490F            LDR              R1, =GPIO_PORTF_PCTL_R ; 4) con
                                                            figure as GPIO
   61 0000001A 6808            LDR              R0, [R1]
   62 0000001C F420 607F       BIC              R0, #0x00000FF0 ;  0 means conf
                                                            igure PF1,PF2 as GP
                                                            IO
   63 00000020 6008            STR              R0, [R1]
   64 00000022 490E            LDR              R1, =GPIO_PORTF_DIR_R ; 5) set 
                                                            direction register
   65 00000024 6808            LDR              R0, [R1]
   66 00000026 F040 0006       ORR              R0,#0x06    ; PF1,PF2 output
   67 0000002A 6008            STR              R0, [R1]
   68 0000002C 490C            LDR              R1, =GPIO_PORTF_AFSEL_R ; 6) re
                                                            gular port function
                                                            
   69 0000002E 6808            LDR              R0, [R1]



ARM Macro Assembler    Page 3 


   70 00000030 F020 0006       BIC              R0, #0x06   ; 0 means disable a
                                                            lternate function 
   71 00000034 6008            STR              R0, [R1]
   72 00000036 490B            LDR              R1, =GPIO_PORTF_DEN_R ; 7) enab
                                                            le Port F digital p
                                                            ort
   73 00000038 6808            LDR              R0, [R1]
   74 0000003A F040 0006       ORR              R0,#0x06    ; 1 means enable di
                                                            gital I/O
   75 0000003E 6008            STR              R0, [R1]
   76 00000040         
   77 00000040 4909            LDR              R1, =PF21
   78 00000042 F04F 0002       MOV              R0, #0x02   ; PF2=0, PF1=1
   79 00000046 6008    loop    STR              R0, [R1]    ; write PF1,PF2
   80 00000048 F080 0006       EOR              R0, R0, #0x06 ; toggle PF1,PF2
   81 0000004C E7FB            B                loop
   82 0000004E         
   83 0000004E 00 00           ALIGN                        ; make sure the end
                                                             of this section is
                                                             aligned
   84 00000050                 END                          ; end of file
              400FE108 
              40025528 
              4002552C 
              40025400 
              40025420 
              4002551C 
              40025018 
Command Line: --debug --xref --cpu=Cortex-M4 --apcs=interwork --depend=.\square
waves.d -o.\squarewaves.o -IC:\Keil\ARM\RV31\INC -IC:\Keil\ARM\CMSIS\Include -I
C:\Keil\ARM\Inc\Luminary --predefine="__EVAL SETA 1" --list=.\squarewaves.lst S
quarewaves.s



ARM Macro Assembler    Page 1 Alphabetic symbol ordering
Relocatable symbols

.text 00000000

Symbol: .text
   Definitions
      At line 44 in file Squarewaves.s
   Uses
      None
Comment: .text unused
Start 00000000

Symbol: Start
   Definitions
      At line 47 in file Squarewaves.s
   Uses
      At line 46 in file Squarewaves.s
Comment: Start used once
loop 00000046

Symbol: loop
   Definitions
      At line 79 in file Squarewaves.s
   Uses
      At line 81 in file Squarewaves.s
Comment: loop used once
3 symbols



ARM Macro Assembler    Page 1 Alphabetic symbol ordering
Absolute symbols

GPIO_PORTF_AFSEL_R 40025420

Symbol: GPIO_PORTF_AFSEL_R
   Definitions
      At line 36 in file Squarewaves.s
   Uses
      At line 68 in file Squarewaves.s
Comment: GPIO_PORTF_AFSEL_R used once
GPIO_PORTF_AMSEL_R 40025528

Symbol: GPIO_PORTF_AMSEL_R
   Definitions
      At line 38 in file Squarewaves.s
   Uses
      At line 56 in file Squarewaves.s
Comment: GPIO_PORTF_AMSEL_R used once
GPIO_PORTF_DATA_R 400253FC

Symbol: GPIO_PORTF_DATA_R
   Definitions
      At line 34 in file Squarewaves.s
   Uses
      None
Comment: GPIO_PORTF_DATA_R unused
GPIO_PORTF_DEN_R 4002551C

Symbol: GPIO_PORTF_DEN_R
   Definitions
      At line 37 in file Squarewaves.s
   Uses
      At line 72 in file Squarewaves.s
Comment: GPIO_PORTF_DEN_R used once
GPIO_PORTF_DIR_R 40025400

Symbol: GPIO_PORTF_DIR_R
   Definitions
      At line 35 in file Squarewaves.s
   Uses
      At line 64 in file Squarewaves.s
Comment: GPIO_PORTF_DIR_R used once
GPIO_PORTF_PCTL_R 4002552C

Symbol: GPIO_PORTF_PCTL_R
   Definitions
      At line 39 in file Squarewaves.s
   Uses
      At line 60 in file Squarewaves.s
Comment: GPIO_PORTF_PCTL_R used once
PF21 40025018

Symbol: PF21
   Definitions
      At line 40 in file Squarewaves.s
   Uses
      At line 77 in file Squarewaves.s
Comment: PF21 used once
SYSCTL_RCGC2_GPIOF 00000020

Symbol: SYSCTL_RCGC2_GPIOF



ARM Macro Assembler    Page 2 Alphabetic symbol ordering
Absolute symbols

   Definitions
      At line 42 in file Squarewaves.s
   Uses
      None
Comment: SYSCTL_RCGC2_GPIOF unused
SYSCTL_RCGC2_R 400FE108

Symbol: SYSCTL_RCGC2_R
   Definitions
      At line 41 in file Squarewaves.s
   Uses
      At line 49 in file Squarewaves.s
Comment: SYSCTL_RCGC2_R used once
9 symbols



ARM Macro Assembler    Page 1 Alphabetic symbol ordering
External symbols

PLL_Init 00000000

Symbol: PLL_Init
   Definitions
      At line 32 in file Squarewaves.s
   Uses
      None
Comment: PLL_Init unused
1 symbol
346 symbols in table
