


ARM Macro Assembler    Page 1 


    1 00000000         ; IO.s
    2 00000000         ; Student names: change this to your names or look very 
                       silly
    3 00000000         ; Last modification date: change this to the last modifi
                       cation date or look very silly
    4 00000000         
    5 00000000         ; Runs on LM4F120 or TM4C123
    6 00000000         ; EE319K lab 7 device driver for the switch and LED
    7 00000000         ; You are allowed to use any switch and any LED, 
    8 00000000         ; although the Lab suggests the SW1 switch PF4 and Red L
                       ED PF1
    9 00000000         
   10 00000000         ; As part of Lab 7, students need to implement these thr
                       ee functions
   11 00000000         
   12 00000000         ;  This example accompanies the book
   13 00000000         ;  "Embedded Systems: Introduction to ARM Cortex M Micro
                       controllers"
   14 00000000         ;  ISBN: 978-1469998749, Jonathan Valvano, copyright (c)
                        2013
   15 00000000         ;
   16 00000000         ;Copyright 2013 by Jonathan W. Valvano, valvano@mail.ute
                       xas.edu
   17 00000000         ;   You may use, edit, run or distribute this file
   18 00000000         ;   as long as the above copyright notice remains
   19 00000000         ;THIS SOFTWARE IS PROVIDED "AS IS".  NO WARRANTIES, WHET
                       HER EXPRESS, IMPLIED
   20 00000000         ;OR STATUTORY, INCLUDING, BUT NOT LIMITED TO, IMPLIED WA
                       RRANTIES OF
   21 00000000         ;MERCHANTABILITY AND FITNESS FOR A PARTICULAR PURPOSE AP
                       PLY TO THIS SOFTWARE.
   22 00000000         ;VALVANO SHALL NOT, IN ANY CIRCUMSTANCES, BE LIABLE FOR 
                       SPECIAL, INCIDENTAL,
   23 00000000         ;OR CONSEQUENTIAL DAMAGES, FOR ANY REASON WHATSOEVER.
   24 00000000         ;For more information about my classes, my research, and
                        my books, see
   25 00000000         ;http://users.ece.utexas.edu/~valvano/
   26 00000000         
   27 00000000         ; negative logic SW2 connected to PF0 on the Launchpad
   28 00000000         ; red LED connected to PF1 on the Launchpad
   29 00000000         ; blue LED connected to PF2 on the Launchpad
   30 00000000         ; green LED connected to PF3 on the Launchpad
   31 00000000         ; negative logic SW1 connected to PF4 on the Launchpad
   32 00000000         
   33 00000000                 EXPORT           IO_Init
   34 00000000                 EXPORT           IO_Touch
   35 00000000                 EXPORT           IO_HeartBeat
   36 00000000         
   37 00000000 400253FC 
                       GPIO_PORTF_DATA_R
                               EQU              0x400253FC
   38 00000000 40025400 
                       GPIO_PORTF_DIR_R
                               EQU              0x40025400
   39 00000000 40025420 
                       GPIO_PORTF_AFSEL_R
                               EQU              0x40025420
   40 00000000 40025510 
                       GPIO_PORTF_PUR_R



ARM Macro Assembler    Page 2 


                               EQU              0x40025510
   41 00000000 4002551C 
                       GPIO_PORTF_DEN_R
                               EQU              0x4002551C
   42 00000000 40025520 
                       GPIO_PORTF_LOCK_R
                               EQU              0x40025520
   43 00000000 40025524 
                       GPIO_PORTF_CR_R
                               EQU              0x40025524
   44 00000000 40025528 
                       GPIO_PORTF_AMSEL_R
                               EQU              0x40025528
   45 00000000 4002552C 
                       GPIO_PORTF_PCTL_R
                               EQU              0x4002552C
   46 00000000 4C4F434B 
                       GPIO_LOCK_KEY
                               EQU              0x4C4F434B  ; Unlocks the GPIO_
                                                            CR register
   47 00000000         
   48 00000000 400FE108 
                       SYSCTL_RCGC2_R
                               EQU              0x400FE108
   49 00000000         
   50 00000000                 AREA             |.text|, CODE, READONLY, ALIGN=
2
   51 00000000                 THUMB
   52 00000000         
   53 00000000         ;------------IO_Init------------
   54 00000000         ; Initialize GPIO Port for a switch and an LED
   55 00000000         ; Input: none
   56 00000000         ; Output: none
   57 00000000         ; Invariables: This function must not permanently modify
                        registers R4 to R11
   58 00000000         IO_Init
   59 00000000         
   60 00000000 4770            BX               LR
   61 00000002         ;* * * * * * * * End of IO_Init * * * * * * * * 
   62 00000002         
   63 00000002         ;------------IO_HeartBeat------------
   64 00000002         ; Toggle the output state of the  LED.
   65 00000002         ; Input: none
   66 00000002         ; Output: none
   67 00000002         ; Invariables: This function must not permanently modify
                        registers R4 to R11
   68 00000002         IO_HeartBeat
   69 00000002         
   70 00000002 4770            BX               LR
   71 00000004         ;* * * * * * * * End of IO_HeartBeat * * * * * * * * 
   72 00000004         
   73 00000004         ;------------IO_Touch------------
   74 00000004         ; wait for release and touch of the switch
   75 00000004         ; Input: none
   76 00000004         ; Output: none
   77 00000004         ; This is a public function
   78 00000004         ; Invariables: This function must not permanently modify
                        registers R4 to R11
   79 00000004         IO_Touch



ARM Macro Assembler    Page 3 


   80 00000004         
   81 00000004 4770            BX               LR
   82 00000006         ;* * * * * * * * End of IO_Touch * * * * * * * * 
   83 00000006         
   84 00000006 00 00           ALIGN                        ; make sure the end
                                                             of this section is
                                                             aligned
   85 00000008                 END                          ; end of file
Command Line: --debug --xref --cpu=Cortex-M4 --apcs=interwork --depend=IO.d -oI
O.o -ID:\Keil\ARM\RV31\Inc -ID:\Keil\ARM\CMSIS\Include -ID:\Keil\ARM\Inc\Lumina
ry --predefine="__EVAL SETA 1" --list=IO.lst IO.s



ARM Macro Assembler    Page 1 Alphabetic symbol ordering
Relocatable symbols

.text 00000000

Symbol: .text
   Definitions
      At line 50 in file IO.s
   Uses
      None
Comment: .text unused
IO_HeartBeat 00000002

Symbol: IO_HeartBeat
   Definitions
      At line 68 in file IO.s
   Uses
      At line 35 in file IO.s
Comment: IO_HeartBeat used once
IO_Init 00000000

Symbol: IO_Init
   Definitions
      At line 58 in file IO.s
   Uses
      At line 33 in file IO.s
Comment: IO_Init used once
IO_Touch 00000004

Symbol: IO_Touch
   Definitions
      At line 79 in file IO.s
   Uses
      At line 34 in file IO.s
Comment: IO_Touch used once
4 symbols



ARM Macro Assembler    Page 1 Alphabetic symbol ordering
Absolute symbols

GPIO_LOCK_KEY 4C4F434B

Symbol: GPIO_LOCK_KEY
   Definitions
      At line 46 in file IO.s
   Uses
      None
Comment: GPIO_LOCK_KEY unused
GPIO_PORTF_AFSEL_R 40025420

Symbol: GPIO_PORTF_AFSEL_R
   Definitions
      At line 39 in file IO.s
   Uses
      None
Comment: GPIO_PORTF_AFSEL_R unused
GPIO_PORTF_AMSEL_R 40025528

Symbol: GPIO_PORTF_AMSEL_R
   Definitions
      At line 44 in file IO.s
   Uses
      None
Comment: GPIO_PORTF_AMSEL_R unused
GPIO_PORTF_CR_R 40025524

Symbol: GPIO_PORTF_CR_R
   Definitions
      At line 43 in file IO.s
   Uses
      None
Comment: GPIO_PORTF_CR_R unused
GPIO_PORTF_DATA_R 400253FC

Symbol: GPIO_PORTF_DATA_R
   Definitions
      At line 37 in file IO.s
   Uses
      None
Comment: GPIO_PORTF_DATA_R unused
GPIO_PORTF_DEN_R 4002551C

Symbol: GPIO_PORTF_DEN_R
   Definitions
      At line 41 in file IO.s
   Uses
      None
Comment: GPIO_PORTF_DEN_R unused
GPIO_PORTF_DIR_R 40025400

Symbol: GPIO_PORTF_DIR_R
   Definitions
      At line 38 in file IO.s
   Uses
      None
Comment: GPIO_PORTF_DIR_R unused
GPIO_PORTF_LOCK_R 40025520

Symbol: GPIO_PORTF_LOCK_R



ARM Macro Assembler    Page 2 Alphabetic symbol ordering
Absolute symbols

   Definitions
      At line 42 in file IO.s
   Uses
      None
Comment: GPIO_PORTF_LOCK_R unused
GPIO_PORTF_PCTL_R 4002552C

Symbol: GPIO_PORTF_PCTL_R
   Definitions
      At line 45 in file IO.s
   Uses
      None
Comment: GPIO_PORTF_PCTL_R unused
GPIO_PORTF_PUR_R 40025510

Symbol: GPIO_PORTF_PUR_R
   Definitions
      At line 40 in file IO.s
   Uses
      None
Comment: GPIO_PORTF_PUR_R unused
SYSCTL_RCGC2_R 400FE108

Symbol: SYSCTL_RCGC2_R
   Definitions
      At line 48 in file IO.s
   Uses
      None
Comment: SYSCTL_RCGC2_R unused
11 symbols
346 symbols in table
