


ARM Macro Assembler    Page 1 


    1 00000000         ; Kentec.s
    2 00000000         ; Student names: change this to your names or look very 
                       silly
    3 00000000         ; Last modification date: change this to the last modifi
                       cation date or look very silly
    4 00000000         ; Runs on LM4F120 or TM4C123
    5 00000000         ; EE319K lab 7 device driver for the Kentec EB-LM4F120-L
                       35
    6 00000000         ;
    7 00000000         ; As part of Lab 7, students need to implement these two
                        functions
    8 00000000         
    9 00000000         ;  Data pin assignments:
   10 00000000         ;  PB0-7   LCD parallel data input
   11 00000000         ;
   12 00000000         ;  Control pin assignments:
   13 00000000         ;  PA4     RD  Read control signal             ---------
                       ----------------
   14 00000000         ;  PA5     WR  Write control signal            | PA7 | P
                       A6 | PA5 | PA4 |
   15 00000000         ;  PA6     RS  Register/Data select signal     | CS  | R
                       S  | WR  | RD  |
   16 00000000         ;  PA7     CS  Chip select signal              ---------
                       ----------------
   17 00000000         ;
   18 00000000         ;  Touchpad pin assignments:
   19 00000000         ;  PA2     Y-                                  ---------
                       ----  -------------
   20 00000000         ;  PA3     X-                                  | PA3 | P
                       A2 |  | PE5 | PE4 |
   21 00000000         ;  PE4     X+    AIN9                          | X-  | Y
                       -  |  | Y+  | X+  |
   22 00000000         ;  PE5     Y+    AIN8                          ---------
                       ----  -------------
   23 00000000         
   24 00000000                 IMPORT           LCD_OutChar
   25 00000000                 IMPORT           LCD_Goto
   26 00000000                 IMPORT           LCD_OutString
   27 00000000                 EXPORT           LCD_OutDec
   28 00000000                 EXPORT           LCD_OutFix
   29 00000000         
   30 00000000                 AREA             |.text|, CODE, READONLY, ALIGN=
2
   31 00000000                 THUMB
   32 00000000                 ALIGN
   33 00000000         
   34 00000000         ;-----------------------LCD_OutDec----------------------
                       -
   35 00000000         ; Output a 32-bit number in unsigned decimal format
   36 00000000         ; Input: R0 (call by value) 32-bit unsigned number 
   37 00000000         ; Output: none
   38 00000000         ; Invariables: This function must not permanently modify
                        registers R4 to R11
   39 00000000         LCD_OutDec
   40 00000000         
   41 00000000         
   42 00000000 4770            BX               LR
   43 00000002         ;* * * * * * * * End of LCD_OutDec * * * * * * * * 
   44 00000002         



ARM Macro Assembler    Page 2 


   45 00000002         ; -----------------------LCD _OutFix--------------------
                       --
   46 00000002         ; Output characters to LCD display in fixed-point format
                       
   47 00000002         ; unsigned decimal, resolution 0.001, range 0.000 to 9.9
                       99 
   48 00000002         ; Inputs:  R0 is an unsigned 16-bit number
   49 00000002         ; Outputs: none
   50 00000002         ; E.g., R0=0,    then output "0.000 " 
   51 00000002         ;       R0=3,    then output "0.003 " 
   52 00000002         ;       R0=89,   then output "0.089 " 
   53 00000002         ;       R0=123,  then output "0.123 " 
   54 00000002         ;       R0=9999, then output "9.999 " 
   55 00000002         ;       R0>9999, then output "*.*** "
   56 00000002         ; Invariables: This function must not permanently modify
                        registers R4 to R11
   57 00000002         LCD_OutFix
   58 00000002         
   59 00000002 4770            BX               LR
   60 00000004         ;* * * * * * * * End of LCD_OutFix * * * * * * * * 
   61 00000004         
   62 00000004         
   63 00000004                 ALIGN                        ; make sure the end
                                                             of this section is
                                                             aligned
   64 00000004                 END                          ; end of file
Command Line: --debug --xref --cpu=Cortex-M4 --apcs=interwork --depend=Kentec.d
 -oKentec.o -ID:\Keil\ARM\RV31\Inc -ID:\Keil\ARM\CMSIS\Include -ID:\Keil\ARM\In
c\Luminary --predefine="__EVAL SETA 1" --list=Kentec.lst Kentec.s



ARM Macro Assembler    Page 1 Alphabetic symbol ordering
Relocatable symbols

.text 00000000

Symbol: .text
   Definitions
      At line 30 in file Kentec.s
   Uses
      None
Comment: .text unused
LCD_OutDec 00000000

Symbol: LCD_OutDec
   Definitions
      At line 39 in file Kentec.s
   Uses
      At line 27 in file Kentec.s
Comment: LCD_OutDec used once
LCD_OutFix 00000002

Symbol: LCD_OutFix
   Definitions
      At line 57 in file Kentec.s
   Uses
      At line 28 in file Kentec.s
Comment: LCD_OutFix used once
3 symbols



ARM Macro Assembler    Page 1 Alphabetic symbol ordering
External symbols

LCD_Goto 00000000

Symbol: LCD_Goto
   Definitions
      At line 25 in file Kentec.s
   Uses
      None
Comment: LCD_Goto unused
LCD_OutChar 00000000

Symbol: LCD_OutChar
   Definitions
      At line 24 in file Kentec.s
   Uses
      None
Comment: LCD_OutChar unused
LCD_OutString 00000000

Symbol: LCD_OutString
   Definitions
      At line 26 in file Kentec.s
   Uses
      None
Comment: LCD_OutString unused
3 symbols
337 symbols in table
