


ARM Macro Assembler    Page 1 


    1 00000000         ; LCD.s
    2 00000000         ; Student names: change this to your names or look very 
                       silly
    3 00000000         ; Last modification date: change this to the last modifi
                       cation date or look very silly
    4 00000000         
    5 00000000         ; Runs on LM4F120 or TM4C123
    6 00000000         ; EE319K lab 7 device driver for the Kentec EB-LM4F120-L
                       35
    7 00000000         ; This is the lowest level driver that interacts directl
                       y with hardware
    8 00000000         ; As part of Lab 7, students need to implement these thr
                       ee functions
    9 00000000         ;
   10 00000000         ;  Data pin assignments:
   11 00000000         ;  PB0-7   LCD parallel data input
   12 00000000         ;
   13 00000000         ;  Control pin assignments:
   14 00000000         ;  PA4     RD  Read control signal             ---------
                       ----------------
   15 00000000         ;  PA5     WR  Write control signal            | PA7 | P
                       A6 | PA5 | PA4 |
   16 00000000         ;  PA6     RS  Register/Data select signal     | CS  | R
                       S  | WR  | RD  |
   17 00000000         ;  PA7     CS  Chip select signal              ---------
                       ----------------
   18 00000000         ;
   19 00000000         ;  Touchpad pin assignments:
   20 00000000         ;  PA2     Y-                                  ---------
                       ----  -------------
   21 00000000         ;  PA3     X-                                  | PA3 | P
                       A2 |  | PE5 | PE4 |
   22 00000000         ;  PE4     X+    AIN9                          | X-  | Y
                       -  |  | Y+  | X+  |
   23 00000000         ;  PE5     Y+    AIN8                          ---------
                       ----  -------------
   24 00000000         
   25 00000000                 EXPORT           LCD_GPIOInit
   26 00000000                 EXPORT           LCD_WriteCommand
   27 00000000                 EXPORT           LCD_WriteData
   28 00000000         
   29 00000000                 AREA             |.text|, CODE, READONLY, ALIGN=
2
   30 00000000                 THUMB
   31 00000000                 ALIGN
   32 00000000 400FE108 
                       SYSCTL_RCGC2_R
                               EQU              0x400FE108
   33 00000000 400043FC 
                       GPIO_PORTA_DATA_R
                               EQU              0x400043FC
   34 00000000 40004400 
                       GPIO_PORTA_DIR_R
                               EQU              0x40004400
   35 00000000 40004420 
                       GPIO_PORTA_AFSEL_R
                               EQU              0x40004420
   36 00000000 4000451C 
                       GPIO_PORTA_DEN_R



ARM Macro Assembler    Page 2 


                               EQU              0x4000451C
   37 00000000 400053FC 
                       GPIO_PORTB_DATA_R
                               EQU              0x400053FC
   38 00000000 40005400 
                       GPIO_PORTB_DIR_R
                               EQU              0x40005400
   39 00000000 40005420 
                       GPIO_PORTB_AFSEL_R
                               EQU              0x40005420
   40 00000000 4000551C 
                       GPIO_PORTB_DEN_R
                               EQU              0x4000551C
   41 00000000         
   42 00000000         ; ************** LCD_GPIOInit **************************
                       **
   43 00000000         ; Initializes Ports A and B for Kentec EB-LM4F120-L35
   44 00000000         ; Port A bits 4-7 are output to four control signals
   45 00000000         ; Port B bits 0-7 are output data is the data bus 
   46 00000000         ; Initialize all control signals high (off)
   47 00000000         ;  PA4     RD  Read control signal             ---------
                       ----------------
   48 00000000         ;  PA5     WR  Write control signal            | PA7 | P
                       A6 | PA5 | PA4 |
   49 00000000         ;  PA6     RS  Register/Data select signal     | CS  | R
                       S  | WR  | RD  |
   50 00000000         ;  PA7     CS  Chip select signal              ---------
                       ----------------
   51 00000000         ; wait 40 us
   52 00000000         ; Invariables: This function must not permanently modify
                        registers R4 to R11
   53 00000000         LCD_GPIOInit
   54 00000000         
   55 00000000 4770            BX               LR
   56 00000002         ;* * * * * * * * End of LCD_GPIOInit * * * * * * * * 
   57 00000002         
   58 00000002         
   59 00000002         ; ************** LCD_WriteCommand **********************
                       **
   60 00000002         ; - Writes an 8-bit command to the LCD controller
   61 00000002         ; - RS low during command write
   62 00000002         ; 8-bit command passed in R0
   63 00000002         ; 1) LCD_DATA = 0x00;    // Write 0 as MSB of command 
   64 00000002         ; 2) LCD_CTRL = 0x10;    // Set CS, WR, RS low
   65 00000002         ; 3) LCD_CTRL = 0x70;    // Set WR and RS high
   66 00000002         ; 4) LCD_DATA = command; // Write 8-bit LSB command 
   67 00000002         ; 5) LCD_CTRL = 0x10;    // Set WR and RS low
   68 00000002         ; 6) wait 2 bus cycles     
   69 00000002         ; 7) LCD_CTRL = 0xF0;    // Set CS, WR, RS high
   70 00000002         ; ******************************************************
                       **
   71 00000002         ; Invariables: This function must not permanently modify
                        registers R4 to R11
   72 00000002         LCD_WriteCommand
   73 00000002         
   74 00000002 4770            BX               LR
   75 00000004         ;* * * * * * * * End of LCD_WriteCommand * * * * * * * *
                        
   76 00000004         



ARM Macro Assembler    Page 3 


   77 00000004         ; ************** LCD_WriteData *************************
                       **
   78 00000004         ; - Writes 16-bit data to the LCD controller
   79 00000004         ; - RS high during data write
   80 00000004         ; 16-bit data passed in R0
   81 00000004         ; 1) LCD_DATA = (data>>8);  // Write MSB to LCD data bus
                       
   82 00000004         ; 2) LCD_CTRL = 0x50;       // Set CS, WR low
   83 00000004         ; 3) LCD_CTRL = 0x70;       // Set WR high
   84 00000004         ; 4) LCD_DATA = data;       // Write LSB to LCD data bus
                        
   85 00000004         ; 5) LCD_CTRL = 0x50;       // Set WR low
   86 00000004         ; 6) wait 2 bus cycles     
   87 00000004         ; 7) LCD_CTRL = 0xF0;       // Set CS, WR high
   88 00000004         ; ******************************************************
                       **
   89 00000004         ; Invariables: This function must not permanently modify
                        registers R4 to R11
   90 00000004         LCD_WriteData
   91 00000004         
   92 00000004 4770            BX               LR
   93 00000006         ;* * * * * * * * End of LCD_WriteData * * * * * * * * 
   94 00000006         
   95 00000006         
   96 00000006         
   97 00000006         
   98 00000006 00 00           ALIGN                        ; make sure the end
                                                             of this section is
                                                             aligned
   99 00000008                 END                          ; end of file
Command Line: --debug --xref --cpu=Cortex-M4 --apcs=interwork --depend=LCD.d -o
LCD.o -ID:\Keil\ARM\RV31\Inc -ID:\Keil\ARM\CMSIS\Include -ID:\Keil\ARM\Inc\Lumi
nary --predefine="__EVAL SETA 1" --list=LCD.lst LCD.s



ARM Macro Assembler    Page 1 Alphabetic symbol ordering
Relocatable symbols

.text 00000000

Symbol: .text
   Definitions
      At line 29 in file LCD.s
   Uses
      None
Comment: .text unused
LCD_GPIOInit 00000000

Symbol: LCD_GPIOInit
   Definitions
      At line 53 in file LCD.s
   Uses
      At line 25 in file LCD.s
Comment: LCD_GPIOInit used once
LCD_WriteCommand 00000002

Symbol: LCD_WriteCommand
   Definitions
      At line 72 in file LCD.s
   Uses
      At line 26 in file LCD.s
Comment: LCD_WriteCommand used once
LCD_WriteData 00000004

Symbol: LCD_WriteData
   Definitions
      At line 90 in file LCD.s
   Uses
      At line 27 in file LCD.s
Comment: LCD_WriteData used once
4 symbols



ARM Macro Assembler    Page 1 Alphabetic symbol ordering
Absolute symbols

GPIO_PORTA_AFSEL_R 40004420

Symbol: GPIO_PORTA_AFSEL_R
   Definitions
      At line 35 in file LCD.s
   Uses
      None
Comment: GPIO_PORTA_AFSEL_R unused
GPIO_PORTA_DATA_R 400043FC

Symbol: GPIO_PORTA_DATA_R
   Definitions
      At line 33 in file LCD.s
   Uses
      None
Comment: GPIO_PORTA_DATA_R unused
GPIO_PORTA_DEN_R 4000451C

Symbol: GPIO_PORTA_DEN_R
   Definitions
      At line 36 in file LCD.s
   Uses
      None
Comment: GPIO_PORTA_DEN_R unused
GPIO_PORTA_DIR_R 40004400

Symbol: GPIO_PORTA_DIR_R
   Definitions
      At line 34 in file LCD.s
   Uses
      None
Comment: GPIO_PORTA_DIR_R unused
GPIO_PORTB_AFSEL_R 40005420

Symbol: GPIO_PORTB_AFSEL_R
   Definitions
      At line 39 in file LCD.s
   Uses
      None
Comment: GPIO_PORTB_AFSEL_R unused
GPIO_PORTB_DATA_R 400053FC

Symbol: GPIO_PORTB_DATA_R
   Definitions
      At line 37 in file LCD.s
   Uses
      None
Comment: GPIO_PORTB_DATA_R unused
GPIO_PORTB_DEN_R 4000551C

Symbol: GPIO_PORTB_DEN_R
   Definitions
      At line 40 in file LCD.s
   Uses
      None
Comment: GPIO_PORTB_DEN_R unused
GPIO_PORTB_DIR_R 40005400

Symbol: GPIO_PORTB_DIR_R



ARM Macro Assembler    Page 2 Alphabetic symbol ordering
Absolute symbols

   Definitions
      At line 38 in file LCD.s
   Uses
      None
Comment: GPIO_PORTB_DIR_R unused
SYSCTL_RCGC2_R 400FE108

Symbol: SYSCTL_RCGC2_R
   Definitions
      At line 32 in file LCD.s
   Uses
      None
Comment: SYSCTL_RCGC2_R unused
9 symbols
344 symbols in table
