


ARM Macro Assembler    Page 1 


    1 00000000         ; PeriodicTimer0AInts.s
    2 00000000         ; Runs on LM4F120
    3 00000000         ; Use Timer0A in periodic mode to request interrupts at 
                       a particular
    4 00000000         ; period.
    5 00000000         ; Daniel Valvano
    6 00000000         ; November 6, 2012
    7 00000000         
    8 00000000         ;  This example accompanies the book
    9 00000000         ;   "Embedded Systems: Introduction to ARM Cortex M Micr
                       ocontrollers"
   10 00000000         ;   ISBN: 978-1469998749, Jonathan Valvano, copyright (c
                       ) 2013
   11 00000000         ;   Volume 1, Program 9.8
   12 00000000         
   13 00000000         ;  "Embedded Systems: Real Time Interfacing to ARM Corte
                       x M Microcontrollers",
   14 00000000         ;   ISBN: 978-1463590154, Jonathan Valvano, copyright (c
                       ) 2013
   15 00000000         ;   Volume 2, Program 7.5, example 7.6
   16 00000000         
   17 00000000         ; Copyright 2013 by Jonathan W. Valvano, valvano@mail.ut
                       exas.edu
   18 00000000         ;   You may use, edit, run or distribute this file
   19 00000000         ;   as long as the above copyright notice remains
   20 00000000         ;THIS SOFTWARE IS PROVIDED "AS IS".  NO WARRANTIES, WHET
                       HER EXPRESS, IMPLIED
   21 00000000         ;OR STATUTORY, INCLUDING, BUT NOT LIMITED TO, IMPLIED WA
                       RRANTIES OF
   22 00000000         ;MERCHANTABILITY AND FITNESS FOR A PARTICULAR PURPOSE AP
                       PLY TO THIS SOFTWARE.
   23 00000000         ;VALVANO SHALL NOT, IN ANY CIRCUMSTANCES, BE LIABLE FOR 
                       SPECIAL, INCIDENTAL,
   24 00000000         ;OR CONSEQUENTIAL DAMAGES, FOR ANY REASON WHATSOEVER.
   25 00000000         ;For more information about my classes, my research, and
                        my books, see
   26 00000000         ;http://users.ece.utexas.edu/~valvano/
   27 00000000         
   28 00000000         ; oscilloscope or LED connected to PF2 for period measur
                       ement
   29 00000000         
   30 00000000                 IMPORT           PLL_Init
   31 00000000                 IMPORT           Timer0A_Init
   32 00000000         
   33 00000000 40030024 
                       TIMER0_ICR_R
                               EQU              0x40030024
   34 00000000 00000001 
                       TIMER_ICR_TATOCINT
                               EQU              0x00000001  ; GPTM TimerA Time-
                                                            Out Raw
   35 00000000         ; Interrupt
   36 00000000 40025010 
                       GPIO_PORTF2
                               EQU              0x40025010
   37 00000000 40025400 
                       GPIO_PORTF_DIR_R
                               EQU              0x40025400
   38 00000000 40025420 



ARM Macro Assembler    Page 2 


                       GPIO_PORTF_AFSEL_R
                               EQU              0x40025420
   39 00000000 4002551C 
                       GPIO_PORTF_DEN_R
                               EQU              0x4002551C
   40 00000000 40025528 
                       GPIO_PORTF_AMSEL_R
                               EQU              0x40025528
   41 00000000 4002552C 
                       GPIO_PORTF_PCTL_R
                               EQU              0x4002552C
   42 00000000 400FE108 
                       SYSCTL_RCGC2_R
                               EQU              0x400FE108
   43 00000000 00000020 
                       SYSCTL_RCGC2_GPIOF
                               EQU              0x00000020  ; port F Clock Gati
                                                            ng Control
   44 00000000         
   45 00000000                 AREA             |.text|, CODE, READONLY, ALIGN=
2
   46 00000000                 THUMB
   47 00000000                 EXPORT           Timer0A_Handler
   48 00000000                 EXPORT           Start
   49 00000000         Timer0A_Handler
   50 00000000         ; acknowledge timer0A timeout
   51 00000000 4919            LDR              R1, =TIMER0_ICR_R ; R1 = &TIMER
                                                            0_ICR_R (pointer)
   52 00000002 F04F 0001       LDR              R0, =TIMER_ICR_TATOCINT ; R0 = 
                                                            TIMER_ICR_TATOCINT 
                                                            (value)
   53 00000006 6008            STR              R0, [R1]    ; [R1] = R0
   54 00000008         ; toggle LED
   55 00000008 4918            LDR              R1, =GPIO_PORTF2 ; R1 = &GPIO_P
                                                            ORTF2 (pointer)
   56 0000000A 6808            LDR              R0, [R1]    ; R0 = [R1] = GPIO_
                                                            PORTF2 (value)
   57 0000000C F080 0004       EOR              R0, R0, #0x04 ; R0 = R0^0x04 (t
                                                            oggle PF2)
   58 00000010 6008            STR              R0, [R1]    ; [R1] = R0
   59 00000012 4770            BX               LR          ; return from inter
                                                            rupt
   60 00000014         
   61 00000014         Start
   62 00000014 F7FF FFFE       BL               PLL_Init    ; 50 MHz clock
   63 00000018         ; activate clock for Port F
   64 00000018 4915            LDR              R1, =SYSCTL_RCGC2_R ; R1 = &SYS
                                                            CTL_RCGC2_R (pointe
                                                            r)
   65 0000001A 6808            LDR              R0, [R1]    ; R0 = [R1] = SYSCT
                                                            L_RCGC2_R (value)
   66 0000001C F040 0020       ORR              R0, R0, #SYSCTL_RCGC2_GPIOF ; R
                                                            0 = R0|SYSCTL_RCGC2
                                                            _GPIOF
   67 00000020 6008            STR              R0, [R1]    ; [R1] = R0
   68 00000022 BF00            NOP
   69 00000024 BF00            NOP                          ; allow time to fin
                                                            ish activating
   70 00000026         ; set direction register



ARM Macro Assembler    Page 3 


   71 00000026 4913            LDR              R1, =GPIO_PORTF_DIR_R ; R1 = &G
                                                            PIO_PORTF_DIR_R (po
                                                            inter)
   72 00000028 6808            LDR              R0, [R1]    ; R0 = [R1] = GPIO_
                                                            PORTF_DIR_R (value)
                                                            
   73 0000002A F040 0004       ORR              R0, R0, #0x04 ; R0 = R0|0x04 (m
                                                            ake PF2 output)
   74 0000002E 6008            STR              R0, [R1]    ; [R1] = R0
   75 00000030         ; regular port function
   76 00000030 4911            LDR              R1, =GPIO_PORTF_AFSEL_R ; R1 = 
                                                            &GPIO_PORTF_AFSEL_R
                                                             (pointer)
   77 00000032 6808            LDR              R0, [R1]    ; R0 = [R1] = GPIO_
                                                            PORTF_AFSEL_R (valu
                                                            e)
   78 00000034 F020 0004       BIC              R0, R0, #0x04 ; R0 = R0&~0x04 (
                                                            disable alt funct o
                                                            n PF2)
   79 00000038 6008            STR              R0, [R1]    ; [R1] = R0
   80 0000003A         ; enable digital port
   81 0000003A 4910            LDR              R1, =GPIO_PORTF_DEN_R ; R1 = &G
                                                            PIO_PORTF_DEN_R (po
                                                            inter)
   82 0000003C 6808            LDR              R0, [R1]    ; R0 = [R1] = GPIO_
                                                            PORTF_DEN_R (value)
                                                            
   83 0000003E F040 0004       ORR              R0, R0, #0x04 ; R0 = R0|0x04 (e
                                                            nable digital I/O o
                                                            n PF2)
   84 00000042 6008            STR              R0, [R1]    ; [R1] = R0
   85 00000044         ; configure as GPIO
   86 00000044 490E            LDR              R1, =GPIO_PORTF_PCTL_R ; R1 = &
                                                            GPIO_PORTF_PCTL_R (
                                                            pointer)
   87 00000046 6808            LDR              R0, [R1]    ; R0 = [R1] = GPIO_
                                                            PORTF_PCTL_R (value
                                                            )
   88 00000048 F420 6070       BIC              R0, R0, #0x00000F00 ; R0 = R0&~
                                                            0x00000F00 (clear p
                                                            ort control field f
                                                            or PF2)
   89 0000004C F100 0000       ADD              R0, R0, #0x00000000 ; R0 = R0+0
                                                            x00000000 (configur
                                                            e PF2 as GPIO)
   90 00000050 6008            STR              R0, [R1]    ; [R1] = R0
   91 00000052         ; disable analog functionality
   92 00000052 490C            LDR              R1, =GPIO_PORTF_AMSEL_R ; R1 = 
                                                            &GPIO_PORTF_AMSEL_R
                                                             (pointer)
   93 00000054 F04F 0000       MOV              R0, #0      ; R0 = 0 (disable a
                                                            nalog functionality
                                                             on PF)
   94 00000058 6008            STR              R0, [R1]    ; [R1] = R0
   95 0000005A         ; enable Timer0A
   96 0000005A F24C 3050       MOV              R0, #50000  ; initialize Timer0
                                                            A for 20 Hz interru
                                                            pts
   97 0000005E F7FF FFFE       BL               Timer0A_Init ; enable Timer0A



ARM Macro Assembler    Page 4 


   98 00000062 B662            CPSIE            I           ; enable interrupts
                                                             and configurable f
                                                            ault handlers (clea
                                                            r PRIMASK)
   99 00000064         loop
  100 00000064 BF30            WFI                          ; wait for interrup
                                                            t
  101 00000066 E7FD            B                loop        ; unconditional bra
                                                            nch to 'loop'
  102 00000068         
  103 00000068                 ALIGN                        ; make sure the end
                                                             of this section is
                                                             aligned
  104 00000068                 END                          ; end of file
              40030024 
              40025010 
              400FE108 
              40025400 
              40025420 
              4002551C 
              4002552C 
              40025528 
Command Line: --debug --xref --cpu=Cortex-M4 --apcs=interwork --depend=Periodic
Timer0AInts.d -oPeriodicTimer0AInts.o -ID:\Keil\ARM\RV31\Inc -ID:\Keil\ARM\CMSI
S\Include -ID:\Keil\ARM\Inc\Luminary --predefine="__EVAL SETA 1" --list=Periodi
cTimer0AInts.lst PeriodicTimer0AInts.s



ARM Macro Assembler    Page 1 Alphabetic symbol ordering
Relocatable symbols

.text 00000000

Symbol: .text
   Definitions
      At line 45 in file PeriodicTimer0AInts.s
   Uses
      None
Comment: .text unused
Start 00000014

Symbol: Start
   Definitions
      At line 61 in file PeriodicTimer0AInts.s
   Uses
      At line 48 in file PeriodicTimer0AInts.s
Comment: Start used once
Timer0A_Handler 00000000

Symbol: Timer0A_Handler
   Definitions
      At line 49 in file PeriodicTimer0AInts.s
   Uses
      At line 47 in file PeriodicTimer0AInts.s
Comment: Timer0A_Handler used once
loop 00000064

Symbol: loop
   Definitions
      At line 99 in file PeriodicTimer0AInts.s
   Uses
      At line 101 in file PeriodicTimer0AInts.s
Comment: loop used once
4 symbols



ARM Macro Assembler    Page 1 Alphabetic symbol ordering
Absolute symbols

GPIO_PORTF2 40025010

Symbol: GPIO_PORTF2
   Definitions
      At line 36 in file PeriodicTimer0AInts.s
   Uses
      At line 55 in file PeriodicTimer0AInts.s
Comment: GPIO_PORTF2 used once
GPIO_PORTF_AFSEL_R 40025420

Symbol: GPIO_PORTF_AFSEL_R
   Definitions
      At line 38 in file PeriodicTimer0AInts.s
   Uses
      At line 76 in file PeriodicTimer0AInts.s
Comment: GPIO_PORTF_AFSEL_R used once
GPIO_PORTF_AMSEL_R 40025528

Symbol: GPIO_PORTF_AMSEL_R
   Definitions
      At line 40 in file PeriodicTimer0AInts.s
   Uses
      At line 92 in file PeriodicTimer0AInts.s
Comment: GPIO_PORTF_AMSEL_R used once
GPIO_PORTF_DEN_R 4002551C

Symbol: GPIO_PORTF_DEN_R
   Definitions
      At line 39 in file PeriodicTimer0AInts.s
   Uses
      At line 81 in file PeriodicTimer0AInts.s
Comment: GPIO_PORTF_DEN_R used once
GPIO_PORTF_DIR_R 40025400

Symbol: GPIO_PORTF_DIR_R
   Definitions
      At line 37 in file PeriodicTimer0AInts.s
   Uses
      At line 71 in file PeriodicTimer0AInts.s
Comment: GPIO_PORTF_DIR_R used once
GPIO_PORTF_PCTL_R 4002552C

Symbol: GPIO_PORTF_PCTL_R
   Definitions
      At line 41 in file PeriodicTimer0AInts.s
   Uses
      At line 86 in file PeriodicTimer0AInts.s
Comment: GPIO_PORTF_PCTL_R used once
SYSCTL_RCGC2_GPIOF 00000020

Symbol: SYSCTL_RCGC2_GPIOF
   Definitions
      At line 43 in file PeriodicTimer0AInts.s
   Uses
      At line 66 in file PeriodicTimer0AInts.s
Comment: SYSCTL_RCGC2_GPIOF used once
SYSCTL_RCGC2_R 400FE108

Symbol: SYSCTL_RCGC2_R



ARM Macro Assembler    Page 2 Alphabetic symbol ordering
Absolute symbols

   Definitions
      At line 42 in file PeriodicTimer0AInts.s
   Uses
      At line 64 in file PeriodicTimer0AInts.s
Comment: SYSCTL_RCGC2_R used once
TIMER0_ICR_R 40030024

Symbol: TIMER0_ICR_R
   Definitions
      At line 33 in file PeriodicTimer0AInts.s
   Uses
      At line 51 in file PeriodicTimer0AInts.s
Comment: TIMER0_ICR_R used once
TIMER_ICR_TATOCINT 00000001

Symbol: TIMER_ICR_TATOCINT
   Definitions
      At line 34 in file PeriodicTimer0AInts.s
   Uses
      At line 52 in file PeriodicTimer0AInts.s
Comment: TIMER_ICR_TATOCINT used once
10 symbols



ARM Macro Assembler    Page 1 Alphabetic symbol ordering
External symbols

PLL_Init 00000000

Symbol: PLL_Init
   Definitions
      At line 30 in file PeriodicTimer0AInts.s
   Uses
      At line 62 in file PeriodicTimer0AInts.s
Comment: PLL_Init used once
Timer0A_Init 00000000

Symbol: Timer0A_Init
   Definitions
      At line 31 in file PeriodicTimer0AInts.s
   Uses
      At line 97 in file PeriodicTimer0AInts.s
Comment: Timer0A_Init used once
2 symbols
349 symbols in table
