


ARM Macro Assembler    Page 1 


    1 00000000         ; Timer0A.s
    2 00000000         ; Runs on LM4F120
    3 00000000         ; Use Timer0A in periodic mode to request interrupts at 
                       a particular
    4 00000000         ; period.
    5 00000000         ; Daniel Valvano
    6 00000000         ; November 6, 2012
    7 00000000         
    8 00000000         ;  This example accompanies the book
    9 00000000         ;   "Embedded Systems: Introduction to ARM Cortex M Micr
                       ocontrollers"
   10 00000000         ;   ISBN: 978-1469998749, Jonathan Valvano, copyright (c
                       ) 2013
   11 00000000         ;   Volume 1, Program 9.8
   12 00000000         
   13 00000000         ;  "Embedded Systems: Real Time Interfacing to ARM Corte
                       x M Microcontrollers",
   14 00000000         ;   ISBN: 978-1463590154, Jonathan Valvano, copyright (c
                       ) 2013
   15 00000000         ;   Volume 2, Program 7.5, example 7.6
   16 00000000         
   17 00000000         ; Copyright 2013 by Jonathan W. Valvano, valvano@mail.ut
                       exas.edu
   18 00000000         ;   You may use, edit, run or distribute this file
   19 00000000         ;   as long as the above copyright notice remains
   20 00000000         ;THIS SOFTWARE IS PROVIDED "AS IS".  NO WARRANTIES, WHET
                       HER EXPRESS, IMPLIED
   21 00000000         ;OR STATUTORY, INCLUDING, BUT NOT LIMITED TO, IMPLIED WA
                       RRANTIES OF
   22 00000000         ;MERCHANTABILITY AND FITNESS FOR A PARTICULAR PURPOSE AP
                       PLY TO THIS SOFTWARE.
   23 00000000         ;VALVANO SHALL NOT, IN ANY CIRCUMSTANCES, BE LIABLE FOR 
                       SPECIAL, INCIDENTAL,
   24 00000000         ;OR CONSEQUENTIAL DAMAGES, FOR ANY REASON WHATSOEVER.
   25 00000000         ;For more information about my classes, my research, and
                        my books, see
   26 00000000         ;http://users.ece.utexas.edu/~valvano/
   27 00000000         
   28 00000000 00080000 
                       NVIC_EN0_INT19
                               EQU              0x00080000  ; Interrupt 19 enab
                                                            le
   29 00000000 E000E100 
                       NVIC_EN0_R
                               EQU              0xE000E100  ; IRQ 0 to 31 Set E
                                                            nable Register
   30 00000000 E000E410 
                       NVIC_PRI4_R
                               EQU              0xE000E410  ; IRQ 16 to 19 Prio
                                                            rity Register
   31 00000000 40030000 
                       TIMER0_CFG_R
                               EQU              0x40030000
   32 00000000 00000004 
                       TIMER_CFG_16_BIT
                               EQU              0x00000004  ; 16-bit timer conf
                                                            iguration,
   33 00000000         ; function is controlled by bits
   34 00000000         ; 1:0 of GPTMTAMR and GPTMTBMR



ARM Macro Assembler    Page 2 


   35 00000000 40030004 
                       TIMER0_TAMR_R
                               EQU              0x40030004
   36 00000000 00000002 
                       TIMER_TAMR_TAMR_PERIOD
                               EQU              0x00000002  ; Periodic Timer mo
                                                            de
   37 00000000 4003000C 
                       TIMER0_CTL_R
                               EQU              0x4003000C
   38 00000000 00000001 
                       TIMER_CTL_TAEN
                               EQU              0x00000001  ; GPTM TimerA Enabl
                                                            e
   39 00000000 40030018 
                       TIMER0_IMR_R
                               EQU              0x40030018
   40 00000000 00000001 
                       TIMER_IMR_TATOIM
                               EQU              0x00000001  ; GPTM TimerA Time-
                                                            Out Interrupt
   41 00000000         ; Mask
   42 00000000 40030024 
                       TIMER0_ICR_R
                               EQU              0x40030024
   43 00000000 00000001 
                       TIMER_ICR_TATOCINT
                               EQU              0x00000001  ; GPTM TimerA Time-
                                                            Out Raw
   44 00000000         ; Interrupt
   45 00000000 40030028 
                       TIMER0_TAILR_R
                               EQU              0x40030028
   46 00000000 0000FFFF 
                       TIMER_TAILR_TAILRL_M
                               EQU              0x0000FFFF  ; GPTM TimerA Inter
                                                            val Load
   47 00000000         ; Register Low
   48 00000000 40030038 
                       TIMER0_TAPR_R
                               EQU              0x40030038
   49 00000000 400FE104 
                       SYSCTL_RCGC1_R
                               EQU              0x400FE104
   50 00000000 00010000 
                       SYSCTL_RCGC1_TIMER0
                               EQU              0x00010000  ; timer 0 Clock Gat
                                                            ing Control
   51 00000000         
   52 00000000                 AREA             |.text|, CODE, READONLY, ALIGN=
2
   53 00000000                 THUMB
   54 00000000                 EXPORT           Timer0A_Init
   55 00000000         
   56 00000000         ; ***************** Timer0A_Init ****************
   57 00000000         ; Activate Timer0A interrupts to run user task periodica
                       lly
   58 00000000         ; Input: R0  interrupt period
   59 00000000         ;        Units of period are 1 us (assuming 50 MHz clock



ARM Macro Assembler    Page 3 


                       )
   60 00000000         ;        Maximum is 2^16-1
   61 00000000         ;        Minimum is determined by length of ISR
   62 00000000         ; Output: none
   63 00000000         ; Modifies: R0, R1, R2
   64 00000000         Timer0A_Init
   65 00000000         ; 0) activate clock for Timer0
   66 00000000 491A            LDR              R1, =SYSCTL_RCGC1_R ; R1 = &SYS
                                                            CTL_RCGC1_R (pointe
                                                            r)
   67 00000002 680A            LDR              R2, [R1]    ; R2 = [R1] = SYSCT
                                                            L_RCGC1_R (value)
   68 00000004 F442 3280       ORR              R2, R2, #SYSCTL_RCGC1_TIMER0 ; 
                                                            R2 = R2|SYSCTL_RCGC
                                                            1_TIMER0
   69 00000008 600A            STR              R2, [R1]    ; [R1] = R2
   70 0000000A BF00            NOP
   71 0000000C BF00            NOP                          ; allow time to fin
                                                            ish activating
   72 0000000E         ; 1) disable timer0A during setup
   73 0000000E 4918            LDR              R1, =TIMER0_CTL_R ; R1 = &TIMER
                                                            0_CTL_R (pointer)
   74 00000010 680A            LDR              R2, [R1]    ; R2 = [R1] = TIMER
                                                            0_CTL_R (value)
   75 00000012 F022 0201       BIC              R2, R2, #TIMER_CTL_TAEN ; R2 = 
                                                            R2&~TIMER_CTL_TAEN 
                                                            (clear enable bit)
   76 00000016 600A            STR              R2, [R1]    ; [R1] = R2
   77 00000018         ; 2) configure for 16-bit timer mode
   78 00000018 4916            LDR              R1, =TIMER0_CFG_R ; R1 = &TIMER
                                                            0_CFG_R (pointer)
   79 0000001A F04F 0204       LDR              R2, =TIMER_CFG_16_BIT ; R2 = TI
                                                            MER_CFG_16_BIT (val
                                                            ue)
   80 0000001E 600A            STR              R2, [R1]    ; [R1] = R2
   81 00000020         ; 3) configure for periodic mode
   82 00000020 4915            LDR              R1, =TIMER0_TAMR_R ; R1 = &TIME
                                                            R0_TAMR_R (pointer)
                                                            
   83 00000022 F04F 0202       LDR              R2, =TIMER_TAMR_TAMR_PERIOD ; R
                                                            2 = TIMER_TAMR_TAMR
                                                            _PERIOD (value)
   84 00000026 600A            STR              R2, [R1]    ; [R1] = R2
   85 00000028         ; 4) reload value
   86 00000028 4914            LDR              R1, =TIMER0_TAILR_R ; R1 = &TIM
                                                            ER0_TAILR_R (pointe
                                                            r)
   87 0000002A F1A0 0001       SUB              R0, R0, #1  ; R0 = R0 - 1 (coun
                                                            ts down from R0 to 
                                                            0)
   88 0000002E 6008            STR              R0, [R1]    ; [R1] = R0
   89 00000030         ; 5) 1us timer0A
   90 00000030 4913            LDR              R1, =TIMER0_TAPR_R ; R1 = &TIME
                                                            R0_TAPR_R (pointer)
                                                            
   91 00000032 F04F 0231       MOV              R2, #49     ; R2 = 49 (divide c
                                                            lock by 50)
   92 00000036 600A            STR              R2, [R1]    ; [R1] = R2
   93 00000038         ; 6) clear timer0A timeout flag



ARM Macro Assembler    Page 4 


   94 00000038 4912            LDR              R1, =TIMER0_ICR_R ; R1 = &TIMER
                                                            0_ICR_R (pointer)
   95 0000003A F04F 0201       LDR              R2, =TIMER_ICR_TATOCINT ; R2 = 
                                                            TIMER_ICR_TATOCINT 
                                                            (value)
   96 0000003E 600A            STR              R2, [R1]    ; [R1] = R2
   97 00000040         ; 7) arm timeout interrupt
   98 00000040 4911            LDR              R1, =TIMER0_IMR_R ; R1 = &TIMER
                                                            0_IMR_R (pointer)
   99 00000042 F04F 0201       LDR              R2, =TIMER_IMR_TATOIM ; R2 = TI
                                                            MER_IMR_TATOIM (val
                                                            ue)
  100 00000046 600A            STR              R2, [R1]    ; [R1] = R2
  101 00000048         ; 8) set NVIC interrupt 19 to priority 2
  102 00000048 4910            LDR              R1, =NVIC_PRI4_R ; R1 = &NVIC_P
                                                            RI4_R (pointer)
  103 0000004A 680A            LDR              R2, [R1]    ; R2 = [R1] = NVIC_
                                                            PRI4_R (value)
  104 0000004C F022 427F       AND              R2, R2, #0x00FFFFFF ; R2 = R2&0
                                                            x00FFFFFF (clear in
                                                            terrupt 19 priority
                                                            )
  105 00000050 F042 4280       ORR              R2, R2, #0x40000000 ; R2 = R2|0
                                                            x40000000 (interrup
                                                            t 19 priority is in
                                                             bits 31-29)
  106 00000054 600A            STR              R2, [R1]    ; [R1] = R2
  107 00000056         ; 9) enable interrupt 19 in NVIC
  108 00000056 490E            LDR              R1, =NVIC_EN0_R ; R1 = &NVIC_EN
                                                            0_R (pointer)
  109 00000058 F44F 2200       LDR              R2, =NVIC_EN0_INT19 ; R2 = NVIC
                                                            _EN0_INT19 (interru
                                                            pt 19 enabled) (val
                                                            ue)
  110 0000005C 600A            STR              R2, [R1]    ; [R1] = R2
  111 0000005E         ; 10) enable timer0A
  112 0000005E 4904            LDR              R1, =TIMER0_CTL_R ; R1 = &TIMER
                                                            0_CTL_R (pointer)
  113 00000060 680A            LDR              R2, [R1]    ; R2 = [R1] = TIMER
                                                            0_CTL_R (value)
  114 00000062 F042 0201       ORR              R2, R2, #TIMER_CTL_TAEN ; R2 = 
                                                            R2|TIMER_CTL_TAEN (
                                                            set enable bit)
  115 00000066 600A            STR              R2, [R1]    ; [R1] = R2
  116 00000068 4770            BX               LR          ; return
  117 0000006A         
  118 0000006A 00 00           ALIGN                        ; make sure the end
                                                             of this section is
                                                             aligned
  119 0000006C                 END                          ; end of file
              400FE104 
              4003000C 
              40030000 
              40030004 
              40030028 
              40030038 
              40030024 
              40030018 
              E000E410 



ARM Macro Assembler    Page 5 


              E000E100 
Command Line: --debug --xref --cpu=Cortex-M4 --apcs=interwork --depend=Timer0A.
d -oTimer0A.o -ID:\Keil\ARM\RV31\Inc -ID:\Keil\ARM\CMSIS\Include -ID:\Keil\ARM\
Inc\Luminary --predefine="__EVAL SETA 1" --list=Timer0A.lst Timer0A.s



ARM Macro Assembler    Page 1 Alphabetic symbol ordering
Relocatable symbols

.text 00000000

Symbol: .text
   Definitions
      At line 52 in file Timer0A.s
   Uses
      None
Comment: .text unused
Timer0A_Init 00000000

Symbol: Timer0A_Init
   Definitions
      At line 64 in file Timer0A.s
   Uses
      At line 54 in file Timer0A.s
Comment: Timer0A_Init used once
2 symbols



ARM Macro Assembler    Page 1 Alphabetic symbol ordering
Absolute symbols

NVIC_EN0_INT19 00080000

Symbol: NVIC_EN0_INT19
   Definitions
      At line 28 in file Timer0A.s
   Uses
      At line 109 in file Timer0A.s
Comment: NVIC_EN0_INT19 used once
NVIC_EN0_R E000E100

Symbol: NVIC_EN0_R
   Definitions
      At line 29 in file Timer0A.s
   Uses
      At line 108 in file Timer0A.s
Comment: NVIC_EN0_R used once
NVIC_PRI4_R E000E410

Symbol: NVIC_PRI4_R
   Definitions
      At line 30 in file Timer0A.s
   Uses
      At line 102 in file Timer0A.s
Comment: NVIC_PRI4_R used once
SYSCTL_RCGC1_R 400FE104

Symbol: SYSCTL_RCGC1_R
   Definitions
      At line 49 in file Timer0A.s
   Uses
      At line 66 in file Timer0A.s
Comment: SYSCTL_RCGC1_R used once
SYSCTL_RCGC1_TIMER0 00010000

Symbol: SYSCTL_RCGC1_TIMER0
   Definitions
      At line 50 in file Timer0A.s
   Uses
      At line 68 in file Timer0A.s
Comment: SYSCTL_RCGC1_TIMER0 used once
TIMER0_CFG_R 40030000

Symbol: TIMER0_CFG_R
   Definitions
      At line 31 in file Timer0A.s
   Uses
      At line 78 in file Timer0A.s
Comment: TIMER0_CFG_R used once
TIMER0_CTL_R 4003000C

Symbol: TIMER0_CTL_R
   Definitions
      At line 37 in file Timer0A.s
   Uses
      At line 73 in file Timer0A.s
      At line 112 in file Timer0A.s

TIMER0_ICR_R 40030024




ARM Macro Assembler    Page 2 Alphabetic symbol ordering
Absolute symbols

Symbol: TIMER0_ICR_R
   Definitions
      At line 42 in file Timer0A.s
   Uses
      At line 94 in file Timer0A.s
Comment: TIMER0_ICR_R used once
TIMER0_IMR_R 40030018

Symbol: TIMER0_IMR_R
   Definitions
      At line 39 in file Timer0A.s
   Uses
      At line 98 in file Timer0A.s
Comment: TIMER0_IMR_R used once
TIMER0_TAILR_R 40030028

Symbol: TIMER0_TAILR_R
   Definitions
      At line 45 in file Timer0A.s
   Uses
      At line 86 in file Timer0A.s
Comment: TIMER0_TAILR_R used once
TIMER0_TAMR_R 40030004

Symbol: TIMER0_TAMR_R
   Definitions
      At line 35 in file Timer0A.s
   Uses
      At line 82 in file Timer0A.s
Comment: TIMER0_TAMR_R used once
TIMER0_TAPR_R 40030038

Symbol: TIMER0_TAPR_R
   Definitions
      At line 48 in file Timer0A.s
   Uses
      At line 90 in file Timer0A.s
Comment: TIMER0_TAPR_R used once
TIMER_CFG_16_BIT 00000004

Symbol: TIMER_CFG_16_BIT
   Definitions
      At line 32 in file Timer0A.s
   Uses
      At line 79 in file Timer0A.s
Comment: TIMER_CFG_16_BIT used once
TIMER_CTL_TAEN 00000001

Symbol: TIMER_CTL_TAEN
   Definitions
      At line 38 in file Timer0A.s
   Uses
      At line 75 in file Timer0A.s
      At line 114 in file Timer0A.s

TIMER_ICR_TATOCINT 00000001

Symbol: TIMER_ICR_TATOCINT
   Definitions



ARM Macro Assembler    Page 3 Alphabetic symbol ordering
Absolute symbols

      At line 43 in file Timer0A.s
   Uses
      At line 95 in file Timer0A.s
Comment: TIMER_ICR_TATOCINT used once
TIMER_IMR_TATOIM 00000001

Symbol: TIMER_IMR_TATOIM
   Definitions
      At line 40 in file Timer0A.s
   Uses
      At line 99 in file Timer0A.s
Comment: TIMER_IMR_TATOIM used once
TIMER_TAILR_TAILRL_M 0000FFFF

Symbol: TIMER_TAILR_TAILRL_M
   Definitions
      At line 46 in file Timer0A.s
   Uses
      None
Comment: TIMER_TAILR_TAILRL_M unused
TIMER_TAMR_TAMR_PERIOD 00000002

Symbol: TIMER_TAMR_TAMR_PERIOD
   Definitions
      At line 36 in file Timer0A.s
   Uses
      At line 83 in file Timer0A.s
Comment: TIMER_TAMR_TAMR_PERIOD used once
18 symbols
353 symbols in table
