


ARM Macro Assembler    Page 1 


    1 00000000         ; PLL.s
    2 00000000         ; Runs on LM4F120
    3 00000000         ; A software function to change the bus speed using the 
                       PLL.
    4 00000000         ; The EQU statement allows the function PLL_Init() to
    5 00000000         ; initialize the PLL to the desired frequency.
    6 00000000         ; Daniel Valvano
    7 00000000         ; May 13, 2013
    8 00000000         
    9 00000000         ;  This example accompanies the book
   10 00000000         ;  "Embedded Systems: Introduction to Arm Cortex M Micro
                       controllers",
   11 00000000         ;  ISBN: 978-1469998749, Jonathan Valvano, copyright (c)
                        2013
   12 00000000         ;  Program 4.6, Section 4.3
   13 00000000         ;  Volume 2 Program 2.10, Figure 2.37
   14 00000000         ;
   15 00000000         ;Copyright 2013 by Jonathan W. Valvano, valvano@mail.ute
                       xas.edu
   16 00000000         ;   You may use, edit, run or distribute this file
   17 00000000         ;   as long as the above copyright notice remains
   18 00000000         ;THIS SOFTWARE IS PROVIDED "AS IS".  NO WARRANTIES, WHET
                       HER EXPRESS, IMPLIED
   19 00000000         ;OR STATUTORY, INCLUDING, BUT NOT LIMITED TO, IMPLIED WA
                       RRANTIES OF
   20 00000000         ;MERCHANTABILITY AND FITNESS FOR A PARTICULAR PURPOSE AP
                       PLY TO THIS SOFTWARE.
   21 00000000         ;VALVANO SHALL NOT, IN ANY CIRCUMSTANCES, BE LIABLE FOR 
                       SPECIAL, INCIDENTAL,
   22 00000000         ;OR CONSEQUENTIAL DAMAGES, FOR ANY REASON WHATSOEVER.
   23 00000000         ;For more information about my classes, my research, and
                        my books, see
   24 00000000         ;http://users.ece.utexas.edu/~valvano/
   25 00000000         
   26 00000000         ; The EQU statement SYSDIV2 initializes
   27 00000000         ; the PLL to the desired frequency.
   28 00000000 00000007 
                       SYSDIV2 EQU              7
   29 00000000         ; bus frequency is 400MHz/(SYSDIV2+1) = 400MHz/(7+1) = 5
                       0 MHz
   30 00000000         
   31 00000000 400FE050 
                       SYSCTL_RIS_R
                               EQU              0x400FE050
   32 00000000 00000040 
                       SYSCTL_RIS_PLLLRIS
                               EQU              0x00000040  ; PLL Lock Raw Inte
                                                            rrupt Status
   33 00000000 400FE060 
                       SYSCTL_RCC_R
                               EQU              0x400FE060
   34 00000000 000003C0 
                       SYSCTL_RCC_XTAL_M
                               EQU              0x000003C0  ; Crystal Value
   35 00000000 000002C0 
                       SYSCTL_RCC_XTAL_6MHZ
                               EQU              0x000002C0  ; 6 MHz Crystal
   36 00000000 00000380 
                       SYSCTL_RCC_XTAL_8MHZ



ARM Macro Assembler    Page 2 


                               EQU              0x00000380  ; 8 MHz Crystal
   37 00000000 00000540 
                       SYSCTL_RCC_XTAL_16MHZ
                               EQU              0x00000540  ; 16 MHz Crystal
   38 00000000 400FE070 
                       SYSCTL_RCC2_R
                               EQU              0x400FE070
   39 00000000 80000000 
                       SYSCTL_RCC2_USERCC2
                               EQU              0x80000000  ; Use RCC2
   40 00000000 40000000 
                       SYSCTL_RCC2_DIV400
                               EQU              0x40000000  ; Divide PLL as 400
                                                             MHz vs. 200
   41 00000000         ; MHz
   42 00000000 1F800000 
                       SYSCTL_RCC2_SYSDIV2_M
                               EQU              0x1F800000  ; System Clock Divi
                                                            sor 2
   43 00000000 00400000 
                       SYSCTL_RCC2_SYSDIV2LSB
                               EQU              0x00400000  ; Additional LSB fo
                                                            r SYSDIV2
   44 00000000 00002000 
                       SYSCTL_RCC2_PWRDN2
                               EQU              0x00002000  ; Power-Down PLL 2
   45 00000000 00000800 
                       SYSCTL_RCC2_BYPASS2
                               EQU              0x00000800  ; PLL Bypass 2
   46 00000000 00000070 
                       SYSCTL_RCC2_OSCSRC2_M
                               EQU              0x00000070  ; Oscillator Source
                                                             2
   47 00000000 00000000 
                       SYSCTL_RCC2_OSCSRC2_MO
                               EQU              0x00000000  ; MOSC
   48 00000000         
   49 00000000                 AREA             |.text|, CODE, READONLY, ALIGN=
2
   50 00000000                 THUMB
   51 00000000                 EXPORT           PLL_Init
   52 00000000         
   53 00000000         ;------------PLL_Init------------
   54 00000000         ; Configure the system to get its clock from the PLL.
   55 00000000         ; Input: none
   56 00000000         ; Output: none
   57 00000000         ; Modifies: R0, R1, R2, R3
   58 00000000         PLL_Init
   59 00000000         ; 0) configure the system to use RCC2 for advanced featu
                       res
   60 00000000         ;    such as 400 MHz PLL and non-integer System Clock Di
                       visor
   61 00000000 4B13            LDR              R3, =SYSCTL_RCC2_R ; R3 = SYSCT
                                                            L_RCC2_R (pointer)
   62 00000002 681A            LDR              R2, [R3]    ; R2 = [R3] (value)
                                                            
   63 00000004 F042 4200       ORR              R2, R2, #SYSCTL_RCC2_USERCC2 ; 
                                                            R2 = R2|SYSCTL_RCC2
                                                            _USERCC2



ARM Macro Assembler    Page 3 


   64 00000008 601A            STR              R2, [R3]    ; [R3] = R2
   65 0000000A         ; 1) bypass PLL while initializing
   66 0000000A F442 6200       ORR              R2, R2, #SYSCTL_RCC2_BYPASS2 ; 
                                                            R2 = R2|SYSCTL_RCC2
                                                            _BYPASS2
   67 0000000E 601A            STR              R2, [R3]    ; [R3] = R2
   68 00000010         ; 2) select the crystal value and oscillator source
   69 00000010 4910            LDR              R1, =SYSCTL_RCC_R ; R1 = SYSCTL
                                                            _RCC_R (pointer)
   70 00000012 6808            LDR              R0, [R1]    ; R0 = [R1] (value)
                                                            
   71 00000014 F420 7070       BIC              R0, R0, #SYSCTL_RCC_XTAL_M ; R0
                                                             = R0&~SYSCTL_RCC_X
                                                            TAL_M (clear XTAL f
                                                            ield)
   72 00000018 F440 60A8       ORR              R0, R0, #SYSCTL_RCC_XTAL_16MHZ 
                                                            ;R0 = R0|SYSCTL_RCC
                                                            _XTAL_16MHZ (config
                                                            ure for 16 MHz crys
                                                            tal)
   73 0000001C 6008            STR              R0, [R1]    ; [R1] = R0
   74 0000001E         ; R2 = R2&~SYSCTL_RCC2_OSCSRC2_M (clear oscillator sourc
                       e field)
   75 0000001E F022 0270       BIC              R2, R2, #SYSCTL_RCC2_OSCSRC2_M
   76 00000022         ; R2 = R2|SYSCTL_RCC2_OSCSRC2_MO (configure for main osc
                       illator source)
   77 00000022 F042 0200       ORR              R2, R2, #SYSCTL_RCC2_OSCSRC2_MO
   78 00000026         ; 3) activate PLL by clearing PWRDN
   79 00000026 F422 5200       BIC              R2, R2, #SYSCTL_RCC2_PWRDN2 ; R
                                                            2 = R2&~SYSCTL_RCC2
                                                            _PWRDN2
   80 0000002A         ; 4) set the desired system divider and the system divid
                       er least significant bit
   81 0000002A F042 4280       ORR              R2, R2, #SYSCTL_RCC2_DIV400 ; R
                                                            2 = R2|SYSCTL_RCC2_
                                                            DIV400 (use 400 MHz
                                                             PLL)
   82 0000002E         ;R2 = R2&~SYSCTL_RCC2_SYSDIV2_M (clear system clock divi
                       der field)
   83 0000002E F022 52FC       BIC              R2, R2, #SYSCTL_RCC2_SYSDIV2_M
   84 00000032         ;R2 = R2&~SYSCTL_RCC2_SYSDIV2LSB (clear bit SYSDIV2LSB)
   85 00000032 F422 0280       BIC              R2, R2, #SYSCTL_RCC2_SYSDIV2LSB
   86 00000036         ; set Divisor by writing 7-bit constant to bits 28-22
   87 00000036 F102 72E0       ADD              R2, R2, #(SYSDIV2<<22) ; R2 = R
                                                            2 + (SYSDIV2<<22) (
                                                            configure SYSDIV2 a
                                                            nd SYSDIV2LSB field
                                                            s in RCC2)
   88 0000003A 601A            STR              R2, [R3]    ; [R3] = R2
   89 0000003C         ; 5) wait for the PLL to lock by polling PLLLRIS
   90 0000003C 4906            LDR              R1, =SYSCTL_RIS_R ; R1 = SYSCTL
                                                            _RIS_R (pointer)
   91 0000003E         PLL_Init_loop
   92 0000003E 6808            LDR              R0, [R1]    ; R0 = [R1] (value)
                                                            
   93 00000040 F010 0040       ANDS             R0, R0, #SYSCTL_RIS_PLLLRIS ; R
                                                            0 = R0&SYSCTL_RIS_P
                                                            LLLRIS
   94 00000044 D0FB            BEQ              PLL_Init_loop ; if(R0 == 0), ke



ARM Macro Assembler    Page 4 


                                                            ep polling
   95 00000046         ; 6) enable use of PLL by clearing BYPASS
   96 00000046 F422 6200       BIC              R2, R2, #SYSCTL_RCC2_BYPASS2 ; 
                                                            R2 = R2&~SYSCTL_RCC
                                                            2_BYPASS2
   97 0000004A 601A            STR              R2, [R3]    ; [R3] = R2
   98 0000004C 4770            BX               LR          ; return
   99 0000004E         
  100 0000004E 00 00           ALIGN                        ; make sure the end
                                                             of this section is
                                                             aligned
  101 00000050                 END                          ; end of file
              400FE070 
              400FE060 
              400FE050 
Command Line: --debug --xref --cpu=Cortex-M4 --apcs=interwork --depend=PLL.d -o
PLL.o -IC:\Keil\ARM\RV31\INC -IC:\Keil\ARM\CMSIS\Include -IC:\Keil\ARM\Inc\Lumi
nary --list=PLL.lst PLL.s



ARM Macro Assembler    Page 1 Alphabetic symbol ordering
Relocatable symbols

.text 00000000

Symbol: .text
   Definitions
      At line 49 in file PLL.s
   Uses
      None
Comment: .text unused
PLL_Init 00000000

Symbol: PLL_Init
   Definitions
      At line 58 in file PLL.s
   Uses
      At line 51 in file PLL.s
Comment: PLL_Init used once
PLL_Init_loop 0000003E

Symbol: PLL_Init_loop
   Definitions
      At line 91 in file PLL.s
   Uses
      At line 94 in file PLL.s
Comment: PLL_Init_loop used once
3 symbols



ARM Macro Assembler    Page 1 Alphabetic symbol ordering
Absolute symbols

SYSCTL_RCC2_BYPASS2 00000800

Symbol: SYSCTL_RCC2_BYPASS2
   Definitions
      At line 45 in file PLL.s
   Uses
      At line 66 in file PLL.s
      At line 96 in file PLL.s

SYSCTL_RCC2_DIV400 40000000

Symbol: SYSCTL_RCC2_DIV400
   Definitions
      At line 40 in file PLL.s
   Uses
      At line 81 in file PLL.s
Comment: SYSCTL_RCC2_DIV400 used once
SYSCTL_RCC2_OSCSRC2_M 00000070

Symbol: SYSCTL_RCC2_OSCSRC2_M
   Definitions
      At line 46 in file PLL.s
   Uses
      At line 75 in file PLL.s
Comment: SYSCTL_RCC2_OSCSRC2_M used once
SYSCTL_RCC2_OSCSRC2_MO 00000000

Symbol: SYSCTL_RCC2_OSCSRC2_MO
   Definitions
      At line 47 in file PLL.s
   Uses
      At line 77 in file PLL.s
Comment: SYSCTL_RCC2_OSCSRC2_MO used once
SYSCTL_RCC2_PWRDN2 00002000

Symbol: SYSCTL_RCC2_PWRDN2
   Definitions
      At line 44 in file PLL.s
   Uses
      At line 79 in file PLL.s
Comment: SYSCTL_RCC2_PWRDN2 used once
SYSCTL_RCC2_R 400FE070

Symbol: SYSCTL_RCC2_R
   Definitions
      At line 38 in file PLL.s
   Uses
      At line 61 in file PLL.s
Comment: SYSCTL_RCC2_R used once
SYSCTL_RCC2_SYSDIV2LSB 00400000

Symbol: SYSCTL_RCC2_SYSDIV2LSB
   Definitions
      At line 43 in file PLL.s
   Uses
      At line 85 in file PLL.s
Comment: SYSCTL_RCC2_SYSDIV2LSB used once
SYSCTL_RCC2_SYSDIV2_M 1F800000




ARM Macro Assembler    Page 2 Alphabetic symbol ordering
Absolute symbols

Symbol: SYSCTL_RCC2_SYSDIV2_M
   Definitions
      At line 42 in file PLL.s
   Uses
      At line 83 in file PLL.s
Comment: SYSCTL_RCC2_SYSDIV2_M used once
SYSCTL_RCC2_USERCC2 80000000

Symbol: SYSCTL_RCC2_USERCC2
   Definitions
      At line 39 in file PLL.s
   Uses
      At line 63 in file PLL.s
Comment: SYSCTL_RCC2_USERCC2 used once
SYSCTL_RCC_R 400FE060

Symbol: SYSCTL_RCC_R
   Definitions
      At line 33 in file PLL.s
   Uses
      At line 69 in file PLL.s
Comment: SYSCTL_RCC_R used once
SYSCTL_RCC_XTAL_16MHZ 00000540

Symbol: SYSCTL_RCC_XTAL_16MHZ
   Definitions
      At line 37 in file PLL.s
   Uses
      At line 72 in file PLL.s
Comment: SYSCTL_RCC_XTAL_16MHZ used once
SYSCTL_RCC_XTAL_6MHZ 000002C0

Symbol: SYSCTL_RCC_XTAL_6MHZ
   Definitions
      At line 35 in file PLL.s
   Uses
      None
Comment: SYSCTL_RCC_XTAL_6MHZ unused
SYSCTL_RCC_XTAL_8MHZ 00000380

Symbol: SYSCTL_RCC_XTAL_8MHZ
   Definitions
      At line 36 in file PLL.s
   Uses
      None
Comment: SYSCTL_RCC_XTAL_8MHZ unused
SYSCTL_RCC_XTAL_M 000003C0

Symbol: SYSCTL_RCC_XTAL_M
   Definitions
      At line 34 in file PLL.s
   Uses
      At line 71 in file PLL.s
Comment: SYSCTL_RCC_XTAL_M used once
SYSCTL_RIS_PLLLRIS 00000040

Symbol: SYSCTL_RIS_PLLLRIS
   Definitions
      At line 32 in file PLL.s



ARM Macro Assembler    Page 3 Alphabetic symbol ordering
Absolute symbols

   Uses
      At line 93 in file PLL.s
Comment: SYSCTL_RIS_PLLLRIS used once
SYSCTL_RIS_R 400FE050

Symbol: SYSCTL_RIS_R
   Definitions
      At line 31 in file PLL.s
   Uses
      At line 90 in file PLL.s
Comment: SYSCTL_RIS_R used once
SYSDIV2 00000007

Symbol: SYSDIV2
   Definitions
      At line 28 in file PLL.s
   Uses
      At line 87 in file PLL.s
Comment: SYSDIV2 used once
17 symbols
352 symbols in table
