


ARM Macro Assembler    Page 1 


    1 00000000         ; EngineControl.s
    2 00000000         ; Runs on LM4F120
    3 00000000         ; Use a pointer implementation of a Mealy finite state m
                       achine to operate
    4 00000000         ; an engine with a control input, gas and brake outputs,
                        and two states.
    5 00000000         ; Daniel Valvano
    6 00000000         ; May 9, 2013
    7 00000000         
    8 00000000         ;  This example accompanies the book
    9 00000000         ;  "Embedded Systems: Introduction to Arm Cortex M Micro
                       controllers",
   10 00000000         ;  ISBN: 978-1469998749, Jonathan Valvano, copyright (c)
                        2013
   11 00000000         ;  Program 6.9
   12 00000000         ;
   13 00000000         ;Copyright 2013 by Jonathan W. Valvano, valvano@mail.ute
                       xas.edu
   14 00000000         ;   You may use, edit, run or distribute this file
   15 00000000         ;   as long as the above copyright notice remains
   16 00000000         ;THIS SOFTWARE IS PROVIDED "AS IS".  NO WARRANTIES, WHET
                       HER EXPRESS, IMPLIED
   17 00000000         ;OR STATUTORY, INCLUDING, BUT NOT LIMITED TO, IMPLIED WA
                       RRANTIES OF
   18 00000000         ;MERCHANTABILITY AND FITNESS FOR A PARTICULAR PURPOSE AP
                       PLY TO THIS SOFTWARE.
   19 00000000         ;VALVANO SHALL NOT, IN ANY CIRCUMSTANCES, BE LIABLE FOR 
                       SPECIAL, INCIDENTAL,
   20 00000000         ;OR CONSEQUENTIAL DAMAGES, FOR ANY REASON WHATSOEVER.
   21 00000000         ;For more information about my classes, my research, and
                        my books, see
   22 00000000         ;http://users.ece.utexas.edu/~valvano/
   23 00000000         
   24 00000000         ; control input connected to PA0 (1=go)
   25 00000000         ; gas output connected to PA1
   26 00000000         ; brake output connected to PA2
   27 00000000         
   28 00000000                 IMPORT           PLL_Init
   29 00000000                 IMPORT           SysTick_Init
   30 00000000                 IMPORT           SysTick_Wait10ms
   31 00000000         
   32 00000000 40004004 
                       INPUT   EQU              0x40004004  ; port A bit 0
   33 00000000 40004018 
                       OUTPUT  EQU              0x40004018  ; port A bits 2-1
   34 00000000 40004400 
                       GPIO_PORTA_DIR_R
                               EQU              0x40004400
   35 00000000 40004420 
                       GPIO_PORTA_AFSEL_R
                               EQU              0x40004420
   36 00000000 4000451C 
                       GPIO_PORTA_DEN_R
                               EQU              0x4000451C
   37 00000000 40004528 
                       GPIO_PORTA_AMSEL_R
                               EQU              0x40004528
   38 00000000 4000452C 
                       GPIO_PORTA_PCTL_R



ARM Macro Assembler    Page 2 


                               EQU              0x4000452C
   39 00000000 400FE108 
                       SYSCTL_RCGC2_R
                               EQU              0x400FE108
   40 00000000 00000001 
                       SYSCTL_RCGC2_GPIOA
                               EQU              0x00000001  ; port A Clock Gati
                                                            ng Control
   41 00000000         
   42 00000000                 AREA             |.text|, CODE, READONLY, ALIGN=
2
   43 00000000                 THUMB
   44 00000000                 EXPORT           Start
   45 00000000         ;Linked data structure
   46 00000000         ;Put in ROM
   47 00000000 00000000 
                       OUT     EQU              0           ;offset for output
   48 00000000 00000008 
                       DELAY   EQU              8           ;offset for delay b
                                                            etween states
   49 00000000 0000000C 
                       NEXT    EQU              12          ;offset for next
   50 00000000 00000002 
              00000000 Stop    DCD              2,0         ;Outputs for 0,1
   51 00000008 0000000A        DCD              10          ;100 ms
   52 0000000C 00000000 
              00000000         DCD              Stop,Go     ;Next for 0,1
   53 00000014 00000000 
              00000001 Go      DCD              0,1         ;Outputs for 0,1
   54 0000001C 0000000A        DCD              10          ;100 ms
   55 00000020 00000000 
              00000000         DCD              Stop,Go     ;Next for 0,1
   56 00000028         
   57 00000028         Start
   58 00000028 F7FF FFFE       BL               PLL_Init    ; 50 MHz clock
   59 0000002C F7FF FFFE       BL               SysTick_Init ; enable SysTick
   60 00000030 491B            LDR              R1, =SYSCTL_RCGC2_R
   61 00000032 6808            LDR              R0, [R1]
   62 00000034 F040 0001       ORR              R0, R0, #0x01 ; activate port A
                                                            
   63 00000038 6008            STR              R0, [R1]
   64 0000003A BF00            NOP
   65 0000003C BF00            NOP                          ; allow time to fin
                                                            ish activating
   66 0000003E 4919            LDR              R1, =GPIO_PORTA_PCTL_R
   67 00000040 6808            LDR              R0, [R1]
   68 00000042 F640 72FF       MOV              R2, #0x00000FFF
   69 00000046 EA20 0002       BIC              R0, R0, R2  ; clear port contro
                                                            l field for PA2-0
   70 0000004A 6008            STR              R0, [R1]
   71 0000004C 4916            LDR              R1, =GPIO_PORTA_AMSEL_R
   72 0000004E 6808            LDR              R0, [R1]
   73 00000050 F020 0007       BIC              R0, R0, #0x07 ; disable analog 
                                                            functionality on PA
                                                            2-0
   74 00000054 6008            STR              R0, [R1]
   75 00000056 4915            LDR              R1, =GPIO_PORTA_DIR_R
   76 00000058 6808            LDR              R0, [R1]
   77 0000005A F020 0001       BIC              R0, R0, #0x01 ; PA0 input



ARM Macro Assembler    Page 3 


   78 0000005E F040 0006       ORR              R0, R0, #0x06 ; PA2-1 output
   79 00000062 6008            STR              R0, [R1]
   80 00000064 4912            LDR              R1, =GPIO_PORTA_AFSEL_R
   81 00000066 6808            LDR              R0, [R1]
   82 00000068 F020 0007       BIC              R0, R0, #0x07 ; no alt funct
   83 0000006C 6008            STR              R0, [R1]
   84 0000006E 4911            LDR              R1, =GPIO_PORTA_DEN_R
   85 00000070 6808            LDR              R0, [R1]
   86 00000072 F040 0007       ORR              R0, R0, #0x07 ; enable PA2-0
   87 00000076 6008            STR              R0, [R1]
   88 00000078         
   89 00000078 4C0F            LDR              R4, =Stop   ; State pointer
   90 0000007A 4D10            LDR              R5, =INPUT  ; 0x40004004
   91 0000007C 4E10            LDR              R6, =OUTPUT ; 0x40004018
   92 0000007E 682B    FSM     LDR              R3, [R5]    ; Read input
   93 00000080 EA4F 0383       LSL              R3, R3, #2  ; 4 bytes each
   94 00000084 F103 0100       ADD              R1, R3, #OUT ; R1 is 0 or 4
   95 00000088 5862            LDR              R2, [R4, R1] ; Output value
   96 0000008A EA4F 0242       LSL              R2, R2, #1  ; into bits 2,1
   97 0000008E 6032            STR              R2, [R6]    ; set outputs
   98 00000090 68A0            LDR              R0, [R4, #DELAY] 
                                                            ; num 10ms delays
   99 00000092 F103 010C       ADD              R1, R3, #NEXT ; R1 is 12 or 16
  100 00000096 5864            LDR              R4, [R4, R1] ; find next state
  101 00000098 F7FF FFFE       BL               SysTick_Wait10ms
  102 0000009C E7EF            B                FSM         ; go to next state
  103 0000009E         
  104 0000009E 00 00           ALIGN                        ; make sure the end
                                                             of this section is
                                                             aligned
  105 000000A0                 END                          ; end of file
              400FE108 
              4000452C 
              40004528 
              40004400 
              40004420 
              4000451C 
              00000000 
              40004004 
              40004018 
Command Line: --debug --xref --cpu=Cortex-M4 --apcs=interwork --depend=EngineCo
ntrol.d -oEngineControl.o -ID:\Keil\ARM\RV31\Inc -ID:\Keil\ARM\CMSIS\Include -I
D:\Keil\ARM\Inc\Luminary --predefine="__EVAL SETA 1" --list=EngineControl.lst E
ngineControl.s



ARM Macro Assembler    Page 1 Alphabetic symbol ordering
Relocatable symbols

.text 00000000

Symbol: .text
   Definitions
      At line 42 in file EngineControl.s
   Uses
      None
Comment: .text unused
FSM 0000007E

Symbol: FSM
   Definitions
      At line 92 in file EngineControl.s
   Uses
      At line 102 in file EngineControl.s
Comment: FSM used once
Go 00000014

Symbol: Go
   Definitions
      At line 53 in file EngineControl.s
   Uses
      At line 52 in file EngineControl.s
      At line 55 in file EngineControl.s

Start 00000028

Symbol: Start
   Definitions
      At line 57 in file EngineControl.s
   Uses
      At line 44 in file EngineControl.s
Comment: Start used once
Stop 00000000

Symbol: Stop
   Definitions
      At line 50 in file EngineControl.s
   Uses
      At line 52 in file EngineControl.s
      At line 55 in file EngineControl.s
      At line 89 in file EngineControl.s

5 symbols



ARM Macro Assembler    Page 1 Alphabetic symbol ordering
Absolute symbols

DELAY 00000008

Symbol: DELAY
   Definitions
      At line 48 in file EngineControl.s
   Uses
      At line 98 in file EngineControl.s
Comment: DELAY used once
GPIO_PORTA_AFSEL_R 40004420

Symbol: GPIO_PORTA_AFSEL_R
   Definitions
      At line 35 in file EngineControl.s
   Uses
      At line 80 in file EngineControl.s
Comment: GPIO_PORTA_AFSEL_R used once
GPIO_PORTA_AMSEL_R 40004528

Symbol: GPIO_PORTA_AMSEL_R
   Definitions
      At line 37 in file EngineControl.s
   Uses
      At line 71 in file EngineControl.s
Comment: GPIO_PORTA_AMSEL_R used once
GPIO_PORTA_DEN_R 4000451C

Symbol: GPIO_PORTA_DEN_R
   Definitions
      At line 36 in file EngineControl.s
   Uses
      At line 84 in file EngineControl.s
Comment: GPIO_PORTA_DEN_R used once
GPIO_PORTA_DIR_R 40004400

Symbol: GPIO_PORTA_DIR_R
   Definitions
      At line 34 in file EngineControl.s
   Uses
      At line 75 in file EngineControl.s
Comment: GPIO_PORTA_DIR_R used once
GPIO_PORTA_PCTL_R 4000452C

Symbol: GPIO_PORTA_PCTL_R
   Definitions
      At line 38 in file EngineControl.s
   Uses
      At line 66 in file EngineControl.s
Comment: GPIO_PORTA_PCTL_R used once
INPUT 40004004

Symbol: INPUT
   Definitions
      At line 32 in file EngineControl.s
   Uses
      At line 90 in file EngineControl.s
Comment: INPUT used once
NEXT 0000000C

Symbol: NEXT



ARM Macro Assembler    Page 2 Alphabetic symbol ordering
Absolute symbols

   Definitions
      At line 49 in file EngineControl.s
   Uses
      At line 99 in file EngineControl.s
Comment: NEXT used once
OUT 00000000

Symbol: OUT
   Definitions
      At line 47 in file EngineControl.s
   Uses
      At line 94 in file EngineControl.s
Comment: OUT used once
OUTPUT 40004018

Symbol: OUTPUT
   Definitions
      At line 33 in file EngineControl.s
   Uses
      At line 91 in file EngineControl.s
Comment: OUTPUT used once
SYSCTL_RCGC2_GPIOA 00000001

Symbol: SYSCTL_RCGC2_GPIOA
   Definitions
      At line 40 in file EngineControl.s
   Uses
      None
Comment: SYSCTL_RCGC2_GPIOA unused
SYSCTL_RCGC2_R 400FE108

Symbol: SYSCTL_RCGC2_R
   Definitions
      At line 39 in file EngineControl.s
   Uses
      At line 60 in file EngineControl.s
Comment: SYSCTL_RCGC2_R used once
12 symbols



ARM Macro Assembler    Page 1 Alphabetic symbol ordering
External symbols

PLL_Init 00000000

Symbol: PLL_Init
   Definitions
      At line 28 in file EngineControl.s
   Uses
      At line 58 in file EngineControl.s
Comment: PLL_Init used once
SysTick_Init 00000000

Symbol: SysTick_Init
   Definitions
      At line 29 in file EngineControl.s
   Uses
      At line 59 in file EngineControl.s
Comment: SysTick_Init used once
SysTick_Wait10ms 00000000

Symbol: SysTick_Wait10ms
   Definitions
      At line 30 in file EngineControl.s
   Uses
      At line 101 in file EngineControl.s
Comment: SysTick_Wait10ms used once
3 symbols
353 symbols in table
