


ARM Macro Assembler    Page 1 


    1 00000000         ; GPIO.s
    2 00000000         ; Runs on LM4F120
    3 00000000         ; Initialize four GPIO pins as outputs.  Continually gen
                       erate output to
    4 00000000         ; drive simulated stepper motor.
    5 00000000         ; Daniel Valvano
    6 00000000         ; May 19, 2013
    7 00000000         
    8 00000000         ;  This example accompanies the book
    9 00000000         ;  "Embedded Systems: Introduction to ARM Cortex M Micro
                       controllers",
   10 00000000         ;  ISBN: 978-1469998749, Jonathan Valvano, copyright (c)
                        2013
   11 00000000         ;  Volume 1 Program 4.5
   12 00000000         
   13 00000000         ;"Embedded Systems: Real Time Interfacing to ARM Cortex 
                       M Microcontrollers",
   14 00000000         ;   ISBN: 978-1463590154, Jonathan Valvano, copyright (c
                       ) 2013
   15 00000000         ;   Volume 2 Example 2.2, Program 2.8, Figure 2.32
   16 00000000         ;
   17 00000000         ;Copyright 2013 by Jonathan W. Valvano, valvano@mail.ute
                       xas.edu
   18 00000000         ;   You may use, edit, run or distribute this file
   19 00000000         ;   as long as the above copyright notice remains
   20 00000000         ;THIS SOFTWARE IS PROVIDED "AS IS".  NO WARRANTIES, WHET
                       HER EXPRESS, IMPLIED
   21 00000000         ;OR STATUTORY, INCLUDING, BUT NOT LIMITED TO, IMPLIED WA
                       RRANTIES OF
   22 00000000         ;MERCHANTABILITY AND FITNESS FOR A PARTICULAR PURPOSE AP
                       PLY TO THIS SOFTWARE.
   23 00000000         ;VALVANO SHALL NOT, IN ANY CIRCUMSTANCES, BE LIABLE FOR 
                       SPECIAL, INCIDENTAL,
   24 00000000         ;OR CONSEQUENTIAL DAMAGES, FOR ANY REASON WHATSOEVER.
   25 00000000         ;For more information about my classes, my research, and
                        my books, see
   26 00000000         ;http://users.ece.utexas.edu/~valvano/
   27 00000000         
   28 00000000         ; PD3 is an output to LED3, negative logic
   29 00000000         ; PD2 is an output to LED2, negative logic
   30 00000000         ; PD1 is an output to LED1, negative logic
   31 00000000         ; PD0 is an output to LED0, negative logic
   32 00000000         
   33 00000000 4000703C 
                       LEDS    EQU              0x4000703C  ; access PD3-PD0
   34 00000000 400073FC 
                       GPIO_PORTD_DATA_R
                               EQU              0x400073FC
   35 00000000 40007400 
                       GPIO_PORTD_DIR_R
                               EQU              0x40007400
   36 00000000 40007420 
                       GPIO_PORTD_AFSEL_R
                               EQU              0x40007420
   37 00000000 40007508 
                       GPIO_PORTD_DR8R_R
                               EQU              0x40007508
   38 00000000 4000751C 
                       GPIO_PORTD_DEN_R



ARM Macro Assembler    Page 2 


                               EQU              0x4000751C
   39 00000000 40007528 
                       GPIO_PORTD_AMSEL_R
                               EQU              0x40007528
   40 00000000 4000752C 
                       GPIO_PORTD_PCTL_R
                               EQU              0x4000752C
   41 00000000 400FE108 
                       SYSCTL_RCGC2_R
                               EQU              0x400FE108
   42 00000000 00000008 
                       SYSCTL_RCGC2_GPIOD
                               EQU              0x00000008  ; port D Clock Gati
                                                            ng Control
   43 00000000         
   44 00000000                 AREA             |.text|, CODE, READONLY, ALIGN=
2
   45 00000000                 THUMB
   46 00000000                 EXPORT           Start
   47 00000000         GPIO_Init
   48 00000000         ; 1) activate clock for Port D
   49 00000000 491B            LDR              R1, =SYSCTL_RCGC2_R ; R1 = &SYS
                                                            CTL_RCGC2_R
   50 00000002 6808            LDR              R0, [R1]    ; R0 = [R1]
   51 00000004 F040 0008       ORR              R0, R0, #SYSCTL_RCGC2_GPIOD ; R
                                                            0 = R0|SYSCTL_RCGC2
                                                            _GPIOD
   52 00000008 6008            STR              R0, [R1]    ; [R1] = R0
   53 0000000A BF00            NOP
   54 0000000C BF00            NOP                          ; allow time to fin
                                                            ish activating
   55 0000000E         ; 2) no need to unlock PD3-0
   56 0000000E         ; 3) disable analog functionality
   57 0000000E 4919            LDR              R1, =GPIO_PORTD_AMSEL_R ; R1 = 
                                                            &GPIO_PORTD_AMSEL_R
                                                            
   58 00000010 6808            LDR              R0, [R1]    ; R0 = [R1]
   59 00000012 F020 000F       BIC              R0, R0, #0x0F ; R0 = R0&~0x0F (
                                                            disable analog func
                                                            tionality on PD3-0)
                                                            
   60 00000016 6008            STR              R0, [R1]    ; [R1] = R0    
   61 00000018         ; 4) configure as GPIO
   62 00000018 4917            LDR              R1, =GPIO_PORTD_PCTL_R ; R1 = &
                                                            GPIO_PORTD_PCTL_R
   63 0000001A 6808            LDR              R0, [R1]    ; R0 = [R1]
   64 0000001C F64F 72FF       MOV              R2, #0x0000FFFF 
                                                            ; R2 = 0x0000FFFF
   65 00000020 EA20 0002       BIC              R0, R0, R2  ; R0 = R0&~0x0000FF
                                                            FF (clear port cont
                                                            rol field for PD3-0
                                                            )
   66 00000024 6008            STR              R0, [R1]    ; [R1] = R0
   67 00000026         
   68 00000026         ; 5) set direction register
   69 00000026 4915            LDR              R1, =GPIO_PORTD_DIR_R ; R1 = &G
                                                            PIO_PORTD_DIR_R
   70 00000028 6808            LDR              R0, [R1]    ; R0 = [R1]
   71 0000002A F040 000F       ORR              R0, R0, #0x0F ; R0 = R0|0x0F (m



ARM Macro Assembler    Page 3 


                                                            ake PD3-0 output)
   72 0000002E 6008            STR              R0, [R1]    ; [R1] = R0
   73 00000030         ; 6) regular port function
   74 00000030 4913            LDR              R1, =GPIO_PORTD_AFSEL_R ; R1 = 
                                                            &GPIO_PORTD_AFSEL_R
                                                            
   75 00000032 6808            LDR              R0, [R1]    ; R0 = [R1]
   76 00000034 F020 000F       BIC              R0, R0, #0x0F ; R0 = R0&~0x0F (
                                                            disable alt funct o
                                                            n PD3-0)
   77 00000038 6008            STR              R0, [R1]    ; [R1] = R0
   78 0000003A         ; enable 8mA drive (only necessary for bright LEDs)
   79 0000003A 4912            LDR              R1, =GPIO_PORTD_DR8R_R ; R1 = &
                                                            GPIO_PORTD_DR8R_R
   80 0000003C 6808            LDR              R0, [R1]    ; R0 = [R1]
   81 0000003E F040 000F       ORR              R0, R0, #0x0F ; R0 = R0|0x0F (e
                                                            nable 8mA drive on 
                                                            PD3-0)
   82 00000042 6008            STR              R0, [R1]    ; [R1] = R0
   83 00000044         ; 7) enable digital port
   84 00000044 4910            LDR              R1, =GPIO_PORTD_DEN_R ; R1 = &G
                                                            PIO_PORTD_DEN_R
   85 00000046 6808            LDR              R0, [R1]    ; R0 = [R1]
   86 00000048 F040 000F       ORR              R0, R0, #0x0F ; R0 = R0|0x0F (e
                                                            nable digital I/O o
                                                            n PD3-0)
   87 0000004C 6008            STR              R0, [R1]    ; [R1] = R0
   88 0000004E 4770            BX               LR
   89 00000050         
   90 00000050         Start
   91 00000050 F7FF FFD6       BL               GPIO_Init
   92 00000054 480D            LDR              R0, =LEDS   ; R0 = LEDS
   93 00000056 F04F 010A       MOV              R1, #10     ; R1 = 10
   94 0000005A F04F 0209       MOV              R2, #9      ; R2 = 9
   95 0000005E F04F 0305       MOV              R3, #5      ; R3 = 5
   96 00000062 F04F 0406       MOV              R4, #6      ; R4 = 6
   97 00000066         loop
   98 00000066 6001            STR              R1, [R0]    ; [R0] = R1 = 10
   99 00000068 6002            STR              R2, [R0]    ; [R0] = R2 = 9
  100 0000006A 6003            STR              R3, [R0]    ; [R0] = R3 = 5
  101 0000006C 6004            STR              R4, [R0]    ; [R0] = R4 = 6
  102 0000006E E7FA            B                loop        ; unconditional bra
                                                            nch to 'loop'
  103 00000070         
  104 00000070         
  105 00000070                 ALIGN                        ; make sure the end
                                                             of this section is
                                                             aligned
  106 00000070                 END                          ; end of file
              400FE108 
              40007528 
              4000752C 
              40007400 
              40007420 
              40007508 
              4000751C 
              4000703C 
Command Line: --debug --xref --cpu=Cortex-M4.fp --apcs=interwork --depend=GPIO.
d -oGPIO.o -ID:\Keil\ARM\RV31\Inc -ID:\Keil\ARM\CMSIS\Include -ID:\Keil\ARM\Inc



ARM Macro Assembler    Page 4 


\Luminary --predefine="__EVAL SETA 1" --list=GPIO.lst GPIO.s



ARM Macro Assembler    Page 1 Alphabetic symbol ordering
Relocatable symbols

.text 00000000

Symbol: .text
   Definitions
      At line 44 in file GPIO.s
   Uses
      None
Comment: .text unused
GPIO_Init 00000000

Symbol: GPIO_Init
   Definitions
      At line 47 in file GPIO.s
   Uses
      At line 91 in file GPIO.s
Comment: GPIO_Init used once
Start 00000050

Symbol: Start
   Definitions
      At line 90 in file GPIO.s
   Uses
      At line 46 in file GPIO.s
Comment: Start used once
loop 00000066

Symbol: loop
   Definitions
      At line 97 in file GPIO.s
   Uses
      At line 102 in file GPIO.s
Comment: loop used once
4 symbols



ARM Macro Assembler    Page 1 Alphabetic symbol ordering
Absolute symbols

GPIO_PORTD_AFSEL_R 40007420

Symbol: GPIO_PORTD_AFSEL_R
   Definitions
      At line 36 in file GPIO.s
   Uses
      At line 74 in file GPIO.s
Comment: GPIO_PORTD_AFSEL_R used once
GPIO_PORTD_AMSEL_R 40007528

Symbol: GPIO_PORTD_AMSEL_R
   Definitions
      At line 39 in file GPIO.s
   Uses
      At line 57 in file GPIO.s
Comment: GPIO_PORTD_AMSEL_R used once
GPIO_PORTD_DATA_R 400073FC

Symbol: GPIO_PORTD_DATA_R
   Definitions
      At line 34 in file GPIO.s
   Uses
      None
Comment: GPIO_PORTD_DATA_R unused
GPIO_PORTD_DEN_R 4000751C

Symbol: GPIO_PORTD_DEN_R
   Definitions
      At line 38 in file GPIO.s
   Uses
      At line 84 in file GPIO.s
Comment: GPIO_PORTD_DEN_R used once
GPIO_PORTD_DIR_R 40007400

Symbol: GPIO_PORTD_DIR_R
   Definitions
      At line 35 in file GPIO.s
   Uses
      At line 69 in file GPIO.s
Comment: GPIO_PORTD_DIR_R used once
GPIO_PORTD_DR8R_R 40007508

Symbol: GPIO_PORTD_DR8R_R
   Definitions
      At line 37 in file GPIO.s
   Uses
      At line 79 in file GPIO.s
Comment: GPIO_PORTD_DR8R_R used once
GPIO_PORTD_PCTL_R 4000752C

Symbol: GPIO_PORTD_PCTL_R
   Definitions
      At line 40 in file GPIO.s
   Uses
      At line 62 in file GPIO.s
Comment: GPIO_PORTD_PCTL_R used once
LEDS 4000703C

Symbol: LEDS



ARM Macro Assembler    Page 2 Alphabetic symbol ordering
Absolute symbols

   Definitions
      At line 33 in file GPIO.s
   Uses
      At line 92 in file GPIO.s
Comment: LEDS used once
SYSCTL_RCGC2_GPIOD 00000008

Symbol: SYSCTL_RCGC2_GPIOD
   Definitions
      At line 42 in file GPIO.s
   Uses
      At line 51 in file GPIO.s
Comment: SYSCTL_RCGC2_GPIOD used once
SYSCTL_RCGC2_R 400FE108

Symbol: SYSCTL_RCGC2_R
   Definitions
      At line 41 in file GPIO.s
   Uses
      At line 49 in file GPIO.s
Comment: SYSCTL_RCGC2_R used once
10 symbols
348 symbols in table
