


ARM Macro Assembler    Page 1 


    1 00000000         ;FIFO.s
    2 00000000         ; Runs on LM4F120
    3 00000000         ; assembly language FIFO
    4 00000000         ; Jonathan Valvano
    5 00000000         ; May 7, 2013
    6 00000000         
    7 00000000         ;  This example accompanies the book
    8 00000000         ;  "Embedded Systems: Introduction to ARM Cortex M Micro
                       controllers"
    9 00000000         ;  ISBN: 978-1469998749, Jonathan Valvano, copyright (c)
                        2013
   10 00000000         
   11 00000000         ;
   12 00000000         ;Copyright 2013 by Jonathan W. Valvano, valvano@mail.ute
                       xas.edu
   13 00000000         ;   You may use, edit, run or distribute this file
   14 00000000         ;   as long as the above copyright notice remains
   15 00000000         ;THIS SOFTWARE IS PROVIDED "AS IS".  NO WARRANTIES, WHET
                       HER EXPRESS, IMPLIED
   16 00000000         ;OR STATUTORY, INCLUDING, BUT NOT LIMITED TO, IMPLIED WA
                       RRANTIES OF
   17 00000000         ;MERCHANTABILITY AND FITNESS FOR A PARTICULAR PURPOSE AP
                       PLY TO THIS SOFTWARE.
   18 00000000         ;VALVANO SHALL NOT, IN ANY CIRCUMSTANCES, BE LIABLE FOR 
                       SPECIAL, INCIDENTAL,
   19 00000000         ;OR CONSEQUENTIAL DAMAGES, FOR ANY REASON WHATSOEVER.
   20 00000000         ;For more information about my classes, my research, and
                        my books, see
   21 00000000         ;http://users.ece.utexas.edu/~valvano/
   22 00000000                 AREA             DATA, ALIGN=2
   23 00000000 00000008 
                       SIZE    EQU              8           ;must be a power of
                                                             2
   24 00000000 00 00 00 
              00       PutPt   SPACE            4
   25 00000004 00 00 00 
              00       GetPt   SPACE            4
   26 00000008 00 00 00 
              00 00 00 
              00 00    Fifo    SPACE            SIZE        ; space for SIZE by
                                                            tes
   27 00000010                 EXPORT           PutPt [DATA,SIZE=4]
   28 00000010                 EXPORT           GetPt [DATA,SIZE=4]
   29 00000010                 EXPORT           Fifo [DATA,SIZE=8]
   30 00000010                 EXPORT           Fifo_Init
   31 00000010                 EXPORT           Fifo_Put
   32 00000010                 EXPORT           Fifo_Get
   33 00000010                 EXPORT           Fifo_Size
   34 00000010         
   35 00000010                 AREA             |.text|, CODE, READONLY, ALIGN=
2
   36 00000000                 THUMB
   37 00000000         ;Initialize FIFO
   38 00000000         Fifo_Init
   39 00000000 481D            LDR              R0,=Fifo    ;pointer to beginni
                                                            ng
   40 00000002 491E            LDR              R1,=PutPt
   41 00000004 6008            STR              R0,[R1]
   42 00000006 491E            LDR              R1,=GetPt



ARM Macro Assembler    Page 2 


   43 00000008 6008            STR              R0,[R1]
   44 0000000A 4770            BX               LR
   45 0000000C         
   46 0000000C         ;Put data into FIFO
   47 0000000C         ; Input R0 8-bit data
   48 0000000C         ; Output: R0 1 if successful
   49 0000000C         ;            0 if unsuccessful, because it was ful
   50 0000000C 491B    Fifo_Put
                               LDR              R1,=PutPt
   51 0000000E 680A            LDR              R2,[R1]     ;PutPt
   52 00000010 F102 0301       ADD              R3,R2,#1
   53 00000014 F8DF C06C       LDR              R12,=Fifo+SIZE
   54 00000018 4563            CMP              R3,R12      ;check if should wr
                                                            ap
   55 0000001A D100            BNE              NoWrap
   56 0000001C 4B16            LDR              R3,=Fifo    ;wrap
   57 0000001E F8DF C060 
                       NoWrap  LDR              R12,=GetPt
   58 00000022 F8DC C000       LDR              R12,[R12]   ;GetPt
   59 00000026 4563            CMP              R3,R12      ;full when holding 
                                                            SIZE-1
   60 00000028 D102            BNE              NotFull
   61 0000002A F04F 0000       MOV              R0,#0       ;full
   62 0000002E 4770            BX               LR
   63 00000030 7010    NotFull STRB             R0,[R2]     ;save
   64 00000032 600B            STR              R3,[R1]     ;update PutPt
   65 00000034 F04F 0001       MOV              R0,#1       ;success
   66 00000038 4770            BX               LR
   67 0000003A         
   68 0000003A         ;remove one element from FIFO
   69 0000003A         ;Input: call by reference to a place to store removed da
                       ta
   70 0000003A         ; Output: R0 1 if successful
   71 0000003A         ;            0 if unsuccessful, because it was empty
   72 0000003A B530    Fifo_Get
                               PUSH             {R4,R5,LR}
   73 0000003C 490F            LDR              R1,=PutPt
   74 0000003E 6809            LDR              R1,[R1]     ;PutPt
   75 00000040 4A0F            LDR              R2,=GetPt
   76 00000042 6813            LDR              R3,[R2]     ;GetPt
   77 00000044 4299            CMP              R1,R3       ;empty if PutPt equ
                                                            als GetPt
   78 00000046 D102            BNE              NotEmpty
   79 00000048 F04F 0000       MOV              R0,#0       ;fail, empty
   80 0000004C E009            B                done
   81 0000004E F993 4000 
                       NotEmpty
                               LDRSB            R4,[R3]     ;read from FIFO
   82 00000052 7004            STRB             R4,[R0]     ;return by referenc
                                                            e
   83 00000054 F103 0301       ADD              R3,R3,#1    ;next place to Get
   84 00000058 4D0A            LDR              R5,=Fifo+SIZE
   85 0000005A 42AB            CMP              R3,R5       ;check if need to w
                                                            rap
   86 0000005C D100            BNE              NoWrap2
   87 0000005E 4B06            LDR              R3,=Fifo    ;wrap  
   88 00000060 6013    NoWrap2 STR              R3,[R2]     ;update GetPt
   89 00000062 BD30    done    POP              {R4,R5,PC}
   90 00000064         



ARM Macro Assembler    Page 3 


   91 00000064         ;Returns the number of elements in the FIFO
   92 00000064         ; Input:  none
   93 00000064         ; Output: R0 0 to SIZE-1
   94 00000064         Fifo_Size
   95 00000064 4905            LDR              R1,=PutPt
   96 00000066 6809            LDR              R1,[R1]     ;PutPt
   97 00000068 4A05            LDR              R2,=GetPt
   98 0000006A 6813            LDR              R3,[R2]     ;GetPt
   99 0000006C EBA1 0003       SUB              R0,R1,R3    ;PutPt-GetPt
  100 00000070 F000 0007       AND              R0,#(SIZE-1) ; SIZE must be a p
                                                            ower of two
  101 00000074 4770            BX               LR
  102 00000076         
  103 00000076 00 00           ALIGN                        ; make sure the end
                                                             of this section is
                                                             aligned
  104 00000078                 END                          ; end of file
              00000000 
              00000000 
              00000000 
              00000008 
Command Line: --debug --xref --cpu=Cortex-M4 --apcs=interwork --depend=FIFO.d -
oFIFO.o -ID:\Keil\ARM\RV31\Inc -ID:\Keil\ARM\CMSIS\Include -ID:\Keil\ARM\Inc\Lu
minary --predefine="__EVAL SETA 1" --list=FIFO.lst FIFO.s



ARM Macro Assembler    Page 1 Alphabetic symbol ordering
Relocatable symbols

DATA 00000000

Symbol: DATA
   Definitions
      At line 22 in file FIFO.s
   Uses
      None
Comment: DATA unused
Fifo 00000008

Symbol: Fifo
   Definitions
      At line 26 in file FIFO.s
   Uses
      At line 29 in file FIFO.s
      At line 39 in file FIFO.s
      At line 53 in file FIFO.s
      At line 56 in file FIFO.s
      At line 84 in file FIFO.s
      At line 87 in file FIFO.s

GetPt 00000004

Symbol: GetPt
   Definitions
      At line 25 in file FIFO.s
   Uses
      At line 28 in file FIFO.s
      At line 42 in file FIFO.s
      At line 57 in file FIFO.s
      At line 75 in file FIFO.s
      At line 97 in file FIFO.s

PutPt 00000000

Symbol: PutPt
   Definitions
      At line 24 in file FIFO.s
   Uses
      At line 27 in file FIFO.s
      At line 40 in file FIFO.s
      At line 50 in file FIFO.s
      At line 73 in file FIFO.s
      At line 95 in file FIFO.s

4 symbols



ARM Macro Assembler    Page 1 Alphabetic symbol ordering
Relocatable symbols

.text 00000000

Symbol: .text
   Definitions
      At line 35 in file FIFO.s
   Uses
      None
Comment: .text unused
Fifo_Get 0000003A

Symbol: Fifo_Get
   Definitions
      At line 72 in file FIFO.s
   Uses
      At line 32 in file FIFO.s
Comment: Fifo_Get used once
Fifo_Init 00000000

Symbol: Fifo_Init
   Definitions
      At line 38 in file FIFO.s
   Uses
      At line 30 in file FIFO.s
Comment: Fifo_Init used once
Fifo_Put 0000000C

Symbol: Fifo_Put
   Definitions
      At line 50 in file FIFO.s
   Uses
      At line 31 in file FIFO.s
Comment: Fifo_Put used once
Fifo_Size 00000064

Symbol: Fifo_Size
   Definitions
      At line 94 in file FIFO.s
   Uses
      At line 33 in file FIFO.s
Comment: Fifo_Size used once
NoWrap 0000001E

Symbol: NoWrap
   Definitions
      At line 57 in file FIFO.s
   Uses
      At line 55 in file FIFO.s
Comment: NoWrap used once
NoWrap2 00000060

Symbol: NoWrap2
   Definitions
      At line 88 in file FIFO.s
   Uses
      At line 86 in file FIFO.s
Comment: NoWrap2 used once
NotEmpty 0000004E

Symbol: NotEmpty



ARM Macro Assembler    Page 2 Alphabetic symbol ordering
Relocatable symbols

   Definitions
      At line 81 in file FIFO.s
   Uses
      At line 78 in file FIFO.s
Comment: NotEmpty used once
NotFull 00000030

Symbol: NotFull
   Definitions
      At line 63 in file FIFO.s
   Uses
      At line 60 in file FIFO.s
Comment: NotFull used once
done 00000062

Symbol: done
   Definitions
      At line 89 in file FIFO.s
   Uses
      At line 80 in file FIFO.s
Comment: done used once
10 symbols



ARM Macro Assembler    Page 1 Alphabetic symbol ordering
Absolute symbols

SIZE 00000008

Symbol: SIZE
   Definitions
      At line 23 in file FIFO.s
   Uses
      At line 26 in file FIFO.s
      At line 53 in file FIFO.s
      At line 84 in file FIFO.s
      At line 100 in file FIFO.s

1 symbol
348 symbols in table
